<!doctype html>
<html lang="en">
 <head>
  <meta charset="UTF-8">
  <title>Build History</title>
 </head>
 <body>
  <h1>Build Information</h1>
  <p>Commit Hash: 2b4bcff3986f450e479bce4b37561e31b9efccca</p>
  <p>Build Date: Wed Feb 14 17:27:25 CET 2024</p>
  <h1>Build Logs</h1>
  <div>
	<textarea rows="30" wrap="off" style="width: 90%; overflow-x: auto;">[INFO] Scanning for projects...
[WARNING] 
[WARNING] Some problems were encountered while building the effective model for 26:continuous_integration:jar:1.0
[WARNING] 'dependencies.dependency.(groupId:artifactId:type:classifier)' must be unique: commons-io:commons-io:jar -> duplicate declaration of version 2.8.0 @ line 66, column 15
[WARNING] 
[WARNING] It is highly recommended to fix these problems because they threaten the stability of your build.
[WARNING] 
[WARNING] For this reason, future Maven versions might no longer support building such malformed projects.
[WARNING] 
[INFO] 
[INFO] ---------------------< 26:continuous_integration >----------------------
[INFO] Building continuous_integration 1.0
[INFO] --------------------------------[ jar ]---------------------------------
[INFO] 
[INFO] --- maven-resources-plugin:2.6:resources (default-resources) @ continuous_integration ---
[WARNING] Using platform encoding (UTF-8 actually) to copy filtered resources, i.e. build is platform dependent!
[INFO] skip non existing resourceDirectory /mnt/c/users/rg/documents/kth/SE/continuous_integration/continuous_integration/src/main/resources
[INFO] 
[INFO] --- maven-compiler-plugin:3.1:compile (default-compile) @ continuous_integration ---
[INFO] Nothing to compile - all classes are up to date
[INFO] 
[INFO] --- maven-resources-plugin:2.6:testResources (default-testResources) @ continuous_integration ---
[WARNING] Using platform encoding (UTF-8 actually) to copy filtered resources, i.e. build is platform dependent!
[INFO] skip non existing resourceDirectory /mnt/c/users/rg/documents/kth/SE/continuous_integration/continuous_integration/src/test/resources
[INFO] 
[INFO] --- maven-compiler-plugin:3.1:testCompile (default-testCompile) @ continuous_integration ---
[INFO] Changes detected - recompiling the module!
[WARNING] File encoding has not been set, using platform encoding UTF-8, i.e. build is platform dependent!
[INFO] Compiling 1 source file to /mnt/c/users/rg/documents/kth/SE/continuous_integration/continuous_integration/target/test-classes
[WARNING] /mnt/c/users/rg/documents/kth/SE/continuous_integration/continuous_integration/src/test/java/MavenTest.java: /mnt/c/users/rg/documents/kth/SE/continuous_integration/continuous_integration/src/test/java/MavenTest.java uses unchecked or unsafe operations.
[WARNING] /mnt/c/users/rg/documents/kth/SE/continuous_integration/continuous_integration/src/test/java/MavenTest.java: Recompile with -Xlint:unchecked for details.
[INFO] 
[INFO] --- maven-surefire-plugin:3.2.5:test (default-test) @ continuous_integration ---
[INFO] Using auto detected provider org.apache.maven.surefire.junitplatform.JUnitPlatformProvider
[INFO] 
[INFO] -------------------------------------------------------
[INFO]  T E S T S
[INFO] -------------------------------------------------------
[INFO] Running MavenTest

[WARN] Base directory is a file. Using base directory as POM location.
[ERROR] Tests run: 11, Failures: 1, Errors: 0, Skipped: 0, Time elapsed: 30.26 s <<< FAILURE! -- in MavenTest
[ERROR] MavenTest.testProcessRequestData -- Time elapsed: 0.144 s <<< FAILURE!
org.opentest4j.AssertionFailedError: expected: <false> but was: <true>
	at org.junit.jupiter.api.AssertionFailureBuilder.build(AssertionFailureBuilder.java:151)
	at org.junit.jupiter.api.AssertionFailureBuilder.buildAndThrow(AssertionFailureBuilder.java:132)
	at org.junit.jupiter.api.AssertFalse.failNotFalse(AssertFalse.java:63)
	at org.junit.jupiter.api.AssertFalse.assertFalse(AssertFalse.java:36)
	at org.junit.jupiter.api.AssertFalse.assertFalse(AssertFalse.java:31)
	at org.junit.jupiter.api.Assertions.assertFalse(Assertions.java:227)
	at MavenTest.testProcessRequestData(MavenTest.java:83)
	at java.base/java.lang.reflect.Method.invoke(Method.java:580)
	at java.base/java.util.ArrayList.forEach(ArrayList.java:1596)
	at java.base/java.util.ArrayList.forEach(ArrayList.java:1596)

[INFO] 
[INFO] Results:
[INFO] 
[ERROR] Failures: 
[ERROR]   MavenTest.testProcessRequestData:83 expected: <false> but was: <true>
[INFO] 
[ERROR] Tests run: 11, Failures: 1, Errors: 0, Skipped: 0
[INFO] 
[INFO] ------------------------------------------------------------------------
[INFO] BUILD FAILURE
[INFO] ------------------------------------------------------------------------
[INFO] Total time:  34.279 s
[INFO] Finished at: 2024-02-14T17:27:25+01:00
[INFO] ------------------------------------------------------------------------
[ERROR] Failed to execute goal org.apache.maven.plugins:maven-surefire-plugin:3.2.5:test (default-test) on project continuous_integration: There are test failures.
[ERROR] 
[ERROR] Please refer to /mnt/c/users/rg/documents/kth/SE/continuous_integration/continuous_integration/target/surefire-reports for the individual test results.
[ERROR] Please refer to dump files (if any exist) [date].dump, [date]-jvmRun[N].dump and [date].dumpstream.
[ERROR] -> [Help 1]
[ERROR] 
[ERROR] To see the full stack trace of the errors, re-run Maven with the -e switch.
[ERROR] Re-run Maven using the -X switch to enable full debug logging.
[ERROR] 
[ERROR] For more information about the errors and possible solutions, please read the following articles:
[ERROR] [Help 1] http://cwiki.apache.org/confluence/display/MAVEN/MojoFailureException
</textarea>
  </div>
 </body>
</html>
