<?xml version="1.0" encoding="UTF-8"?>
<testsuite xmlns:xsi="http://www.w3.org/2001/XMLSchema-instance" xsi:noNamespaceSchemaLocation="https://maven.apache.org/surefire/maven-surefire-plugin/xsd/surefire-test-report-3.0.xsd" version="3.0" name="MavenTest" time="1.819" tests="3" errors="0" skipped="0" failures="0">
  <properties>
[...]
</properties>
  <testcase name="testCloneAndCheckout(Path)" classname="MavenTest" time="1.238">
    <system-out><![CDATA[10:48:58.930 [main] DEBUG org.eclipse.jetty.util.log - Logging to Logger[org.eclipse.jetty.util.log] via org.eclipse.jetty.util.log.Slf4jLog
10:48:58.932 [main] INFO org.eclipse.jetty.util.log - Logging initialized @335ms to org.eclipse.jetty.util.log.Slf4jLog
10:48:58.959 [main] DEBUG org.eclipse.jgit.internal.storage.file.FileSnapshot - file=null, size changed from -1 to 129 bytes
10:48:58.959 [main] DEBUG org.eclipse.jgit.util.SystemReader - loading config FileBasedConfig[/home/toto/.config/jgit/config]
10:48:58.960 [main] DEBUG org.eclipse.jgit.internal.storage.file.FileSnapshot - file=/home/toto/.config/jgit/config, create new FileSnapshot: lastRead=2024-02-09 10:48:58.959926568, lastModified=2024-02-08 23:36:20.464134450, size=129, fileKey=(dev=10302,ino=3147917)
10:48:58.962 [main] DEBUG org.eclipse.jgit.util.FS - readpipe [/usr/bin/git, --version],/usr/bin
10:48:58.968 [main] DEBUG org.eclipse.jgit.util.FS - readpipe may return 'git version 2.40.1'
10:48:58.968 [main] DEBUG org.eclipse.jgit.util.FS - remaining output:

10:48:58.968 [main] DEBUG org.eclipse.jgit.util.FS - readpipe [/usr/bin/git, config, --system, --edit],/usr/bin
10:48:58.971 [main] DEBUG org.eclipse.jgit.util.FS - readpipe may return '/etc/gitconfig'
10:48:58.971 [main] DEBUG org.eclipse.jgit.util.FS - remaining output:

10:48:58.971 [main] DEBUG org.eclipse.jgit.internal.storage.file.FileSnapshot - file=/home/toto/.config/jgit/config, isRacyClean=false, read=2024-02-09 10:48:58.959926568, lastModified=2024-02-08 23:36:20.464134450, delta=40358495792118 ns, racy<=2500000000 ns
10:48:58.971 [main] DEBUG org.eclipse.jgit.internal.storage.file.FileSnapshot - file=/home/toto/.config/jgit/config, is unmodified
10:48:58.971 [main] DEBUG org.eclipse.jgit.internal.storage.file.FileSnapshot - file=null, size changed from -1 to 0 bytes
10:48:58.971 [main] DEBUG org.eclipse.jgit.util.SystemReader - loading config FileBasedConfig[/etc/gitconfig]
10:48:58.972 [main] DEBUG org.eclipse.jgit.internal.storage.file.FileSnapshot - file=/home/toto/.config/jgit/config, isRacyClean=false, read=2024-02-09 10:48:58.959926568, lastModified=2024-02-08 23:36:20.464134450, delta=40358495792118 ns, racy<=2500000000 ns
10:48:58.972 [main] DEBUG org.eclipse.jgit.internal.storage.file.FileSnapshot - file=/home/toto/.config/jgit/config, is unmodified
10:48:58.972 [main] DEBUG org.eclipse.jgit.internal.storage.file.FileSnapshot - file=/etc/gitconfig, isRacyClean=false, read=2024-02-09 10:48:58.971926671, lastModified=1970-01-01 01:00:00.000000000, delta=1707472138971926671 ns, racy<=2500000000 ns
10:48:58.972 [main] DEBUG org.eclipse.jgit.internal.storage.file.FileSnapshot - file=/etc/gitconfig, is unmodified
10:48:58.972 [main] DEBUG org.eclipse.jgit.internal.storage.file.FileSnapshot - file=null, size changed from -1 to 40 bytes
10:48:58.972 [main] DEBUG org.eclipse.jgit.util.SystemReader - loading config FileBasedConfig[/home/toto/.gitconfig]
10:48:58.972 [main] DEBUG org.eclipse.jgit.internal.storage.file.FileSnapshot - file=/home/toto/.gitconfig, create new FileSnapshot: lastRead=2024-02-09 10:48:58.972508608, lastModified=2024-01-22 19:04:00.457118245, size=40, fileKey=(dev=10302,ino=1968554)
10:48:58.976 [main] DEBUG org.eclipse.jgit.internal.storage.file.FileSnapshot - file=/home/toto/.config/jgit/config, isRacyClean=false, read=2024-02-09 10:48:58.959926568, lastModified=2024-02-08 23:36:20.464134450, delta=40358495792118 ns, racy<=2500000000 ns
10:48:58.976 [main] DEBUG org.eclipse.jgit.internal.storage.file.FileSnapshot - file=/home/toto/.config/jgit/config, is unmodified
10:48:58.976 [main] DEBUG org.eclipse.jgit.internal.storage.file.FileSnapshot - file=/etc/gitconfig, isRacyClean=false, read=2024-02-09 10:48:58.971926671, lastModified=1970-01-01 01:00:00.000000000, delta=1707472138971926671 ns, racy<=2500000000 ns
10:48:58.976 [main] DEBUG org.eclipse.jgit.internal.storage.file.FileSnapshot - file=/etc/gitconfig, is unmodified
10:48:58.977 [main] DEBUG org.eclipse.jgit.internal.storage.file.FileSnapshot - file=/home/toto/.gitconfig, isRacyClean=false, read=2024-02-09 10:48:58.972508608, lastModified=2024-01-22 19:04:00.457118245, delta=1525498515390363 ns, racy<=2500000000 ns
10:48:58.977 [main] DEBUG org.eclipse.jgit.internal.storage.file.FileSnapshot - file=/home/toto/.gitconfig, is unmodified
10:48:58.977 [main] DEBUG org.eclipse.jgit.internal.storage.file.FileSnapshot - file=/home/toto/.config/jgit/config, isRacyClean=false, read=2024-02-09 10:48:58.959926568, lastModified=2024-02-08 23:36:20.464134450, delta=40358495792118 ns, racy<=2500000000 ns
10:48:58.977 [main] DEBUG org.eclipse.jgit.internal.storage.file.FileSnapshot - file=/home/toto/.config/jgit/config, is unmodified
10:48:58.977 [main] DEBUG org.eclipse.jgit.internal.storage.file.FileSnapshot - file=/etc/gitconfig, isRacyClean=false, read=2024-02-09 10:48:58.971926671, lastModified=1970-01-01 01:00:00.000000000, delta=1707472138971926671 ns, racy<=2500000000 ns
10:48:58.977 [main] DEBUG org.eclipse.jgit.internal.storage.file.FileSnapshot - file=/etc/gitconfig, is unmodified
10:48:58.978 [main] DEBUG org.eclipse.jgit.internal.storage.file.FileSnapshot - file=/home/toto/.gitconfig, isRacyClean=false, read=2024-02-09 10:48:58.972508608, lastModified=2024-01-22 19:04:00.457118245, delta=1525498515390363 ns, racy<=2500000000 ns
10:48:58.978 [main] DEBUG org.eclipse.jgit.internal.storage.file.FileSnapshot - file=/home/toto/.gitconfig, is unmodified
10:48:58.978 [main] DEBUG org.eclipse.jgit.internal.storage.file.FileSnapshot - file=/tmp/junit12619742866840035292/.git/config, isRacyClean=false, read=2024-02-09 10:48:58.977161270, lastModified=1970-01-01 01:00:00.000000000, delta=1707472138977161270 ns, racy<=2500000000 ns
10:48:58.978 [main] DEBUG org.eclipse.jgit.internal.storage.file.FileSnapshot - file=/tmp/junit12619742866840035292/.git/config, is unmodified
10:48:58.985 [main] DEBUG org.eclipse.jgit.util.FS - Thread[main,5,main]: cannot measure timestamp resolution of unborn directory /tmp/junit12619742866840035292/.git
10:48:58.986 [main] DEBUG org.eclipse.jgit.internal.storage.file.FileSnapshot - file=/home/toto/.config/jgit/config, isRacyClean=false, read=2024-02-09 10:48:58.959926568, lastModified=2024-02-08 23:36:20.464134450, delta=40358495792118 ns, racy<=2500000000 ns
10:48:58.986 [main] DEBUG org.eclipse.jgit.internal.storage.file.FileSnapshot - file=/home/toto/.config/jgit/config, is unmodified
10:48:58.986 [main] DEBUG org.eclipse.jgit.internal.storage.file.FileSnapshot - file=/etc/gitconfig, isRacyClean=false, read=2024-02-09 10:48:58.971926671, lastModified=1970-01-01 01:00:00.000000000, delta=1707472138971926671 ns, racy<=2500000000 ns
10:48:58.986 [main] DEBUG org.eclipse.jgit.internal.storage.file.FileSnapshot - file=/etc/gitconfig, is unmodified
10:48:58.986 [main] DEBUG org.eclipse.jgit.internal.storage.file.FileSnapshot - file=/home/toto/.gitconfig, isRacyClean=false, read=2024-02-09 10:48:58.972508608, lastModified=2024-01-22 19:04:00.457118245, delta=1525498515390363 ns, racy<=2500000000 ns
10:48:58.986 [main] DEBUG org.eclipse.jgit.internal.storage.file.FileSnapshot - file=/home/toto/.gitconfig, is unmodified
10:48:58.986 [main] DEBUG org.eclipse.jgit.internal.storage.file.FileSnapshot - file=/tmp/junit12619742866840035292/.git/config, isRacyClean=false, read=2024-02-09 10:48:58.977161270, lastModified=1970-01-01 01:00:00.000000000, delta=1707472138977161270 ns, racy<=2500000000 ns
10:48:58.986 [main] DEBUG org.eclipse.jgit.internal.storage.file.FileSnapshot - file=/tmp/junit12619742866840035292/.git/config, is unmodified
10:48:58.986 [main] DEBUG org.eclipse.jgit.internal.storage.file.FileSnapshot - file=/home/toto/.config/jgit/config, isRacyClean=false, read=2024-02-09 10:48:58.959926568, lastModified=2024-02-08 23:36:20.464134450, delta=40358495792118 ns, racy<=2500000000 ns
10:48:58.986 [main] DEBUG org.eclipse.jgit.internal.storage.file.FileSnapshot - file=/home/toto/.config/jgit/config, is unmodified
10:48:58.986 [main] DEBUG org.eclipse.jgit.internal.storage.file.FileSnapshot - file=/etc/gitconfig, isRacyClean=false, read=2024-02-09 10:48:58.971926671, lastModified=1970-01-01 01:00:00.000000000, delta=1707472138971926671 ns, racy<=2500000000 ns
10:48:58.987 [main] DEBUG org.eclipse.jgit.internal.storage.file.FileSnapshot - file=/etc/gitconfig, is unmodified
10:48:58.987 [main] DEBUG org.eclipse.jgit.internal.storage.file.FileSnapshot - file=/home/toto/.gitconfig, isRacyClean=false, read=2024-02-09 10:48:58.972508608, lastModified=2024-01-22 19:04:00.457118245, delta=1525498515390363 ns, racy<=2500000000 ns
10:48:58.987 [main] DEBUG org.eclipse.jgit.internal.storage.file.FileSnapshot - file=/home/toto/.gitconfig, is unmodified
10:48:58.987 [main] DEBUG org.eclipse.jgit.internal.storage.file.FileSnapshot - file=/tmp/junit12619742866840035292/.git/config, isRacyClean=false, read=2024-02-09 10:48:58.977161270, lastModified=1970-01-01 01:00:00.000000000, delta=1707472138977161270 ns, racy<=2500000000 ns
10:48:58.987 [main] DEBUG org.eclipse.jgit.internal.storage.file.FileSnapshot - file=/tmp/junit12619742866840035292/.git/config, is unmodified
10:48:58.988 [main] DEBUG org.eclipse.jgit.internal.storage.file.FileSnapshot - file=/home/toto/.config/jgit/config, isRacyClean=false, read=2024-02-09 10:48:58.959926568, lastModified=2024-02-08 23:36:20.464134450, delta=40358495792118 ns, racy<=2500000000 ns
10:48:58.988 [main] DEBUG org.eclipse.jgit.internal.storage.file.FileSnapshot - file=/home/toto/.config/jgit/config, is unmodified
10:48:58.988 [main] DEBUG org.eclipse.jgit.internal.storage.file.FileSnapshot - file=/etc/gitconfig, isRacyClean=false, read=2024-02-09 10:48:58.971926671, lastModified=1970-01-01 01:00:00.000000000, delta=1707472138971926671 ns, racy<=2500000000 ns
10:48:58.988 [main] DEBUG org.eclipse.jgit.internal.storage.file.FileSnapshot - file=/etc/gitconfig, is unmodified
10:48:58.988 [main] DEBUG org.eclipse.jgit.internal.storage.file.FileSnapshot - file=/home/toto/.gitconfig, isRacyClean=false, read=2024-02-09 10:48:58.972508608, lastModified=2024-01-22 19:04:00.457118245, delta=1525498515390363 ns, racy<=2500000000 ns
10:48:58.988 [main] DEBUG org.eclipse.jgit.internal.storage.file.FileSnapshot - file=/home/toto/.gitconfig, is unmodified
10:48:58.988 [main] DEBUG org.eclipse.jgit.internal.storage.file.FileSnapshot - file=/tmp/junit12619742866840035292/.git/config, isRacyClean=false, read=2024-02-09 10:48:58.977161270, lastModified=1970-01-01 01:00:00.000000000, delta=1707472138977161270 ns, racy<=2500000000 ns
10:48:58.988 [main] DEBUG org.eclipse.jgit.internal.storage.file.FileSnapshot - file=/tmp/junit12619742866840035292/.git/config, is unmodified
10:48:58.990 [main] DEBUG org.eclipse.jgit.internal.storage.file.FileSnapshot - file=/home/toto/.config/jgit/config, isRacyClean=false, read=2024-02-09 10:48:58.959926568, lastModified=2024-02-08 23:36:20.464134450, delta=40358495792118 ns, racy<=2500000000 ns
10:48:58.990 [main] DEBUG org.eclipse.jgit.internal.storage.file.FileSnapshot - file=/home/toto/.config/jgit/config, is unmodified
10:48:58.990 [main] DEBUG org.eclipse.jgit.internal.storage.file.FileSnapshot - file=/etc/gitconfig, isRacyClean=false, read=2024-02-09 10:48:58.971926671, lastModified=1970-01-01 01:00:00.000000000, delta=1707472138971926671 ns, racy<=2500000000 ns
10:48:58.990 [main] DEBUG org.eclipse.jgit.internal.storage.file.FileSnapshot - file=/etc/gitconfig, is unmodified
10:48:58.990 [main] DEBUG org.eclipse.jgit.internal.storage.file.FileSnapshot - file=/home/toto/.gitconfig, isRacyClean=false, read=2024-02-09 10:48:58.972508608, lastModified=2024-01-22 19:04:00.457118245, delta=1525498515390363 ns, racy<=2500000000 ns
10:48:58.990 [main] DEBUG org.eclipse.jgit.internal.storage.file.FileSnapshot - file=/home/toto/.gitconfig, is unmodified
10:48:58.990 [main] DEBUG org.eclipse.jgit.internal.storage.file.FileSnapshot - file=/tmp/junit12619742866840035292/.git/config, isRacyClean=false, read=2024-02-09 10:48:58.977161270, lastModified=1970-01-01 01:00:00.000000000, delta=1707472138977161270 ns, racy<=2500000000 ns
10:48:58.990 [main] DEBUG org.eclipse.jgit.internal.storage.file.FileSnapshot - file=/tmp/junit12619742866840035292/.git/config, is unmodified
10:48:58.992 [main] DEBUG org.eclipse.jgit.internal.storage.file.FileSnapshot - file=/home/toto/.config/jgit/config, isRacyClean=false, read=2024-02-09 10:48:58.959926568, lastModified=2024-02-08 23:36:20.464134450, delta=40358495792118 ns, racy<=2500000000 ns
10:48:58.992 [main] DEBUG org.eclipse.jgit.internal.storage.file.FileSnapshot - file=/home/toto/.config/jgit/config, is unmodified
10:48:58.992 [main] DEBUG org.eclipse.jgit.internal.storage.file.FileSnapshot - file=/etc/gitconfig, isRacyClean=false, read=2024-02-09 10:48:58.971926671, lastModified=1970-01-01 01:00:00.000000000, delta=1707472138971926671 ns, racy<=2500000000 ns
10:48:58.992 [main] DEBUG org.eclipse.jgit.internal.storage.file.FileSnapshot - file=/etc/gitconfig, is unmodified
10:48:58.993 [main] DEBUG org.eclipse.jgit.internal.storage.file.FileSnapshot - file=/home/toto/.gitconfig, isRacyClean=false, read=2024-02-09 10:48:58.972508608, lastModified=2024-01-22 19:04:00.457118245, delta=1525498515390363 ns, racy<=2500000000 ns
10:48:58.993 [main] DEBUG org.eclipse.jgit.internal.storage.file.FileSnapshot - file=/home/toto/.gitconfig, is unmodified
10:48:58.993 [main] DEBUG org.eclipse.jgit.internal.storage.file.FileSnapshot - file=/home/toto/.config/jgit/config, isRacyClean=false, read=2024-02-09 10:48:58.959926568, lastModified=2024-02-08 23:36:20.464134450, delta=40358495792118 ns, racy<=2500000000 ns
10:48:58.993 [main] DEBUG org.eclipse.jgit.internal.storage.file.FileSnapshot - file=/home/toto/.config/jgit/config, is unmodified
10:48:58.993 [main] DEBUG org.eclipse.jgit.internal.storage.file.FileSnapshot - file=/etc/gitconfig, isRacyClean=false, read=2024-02-09 10:48:58.971926671, lastModified=1970-01-01 01:00:00.000000000, delta=1707472138971926671 ns, racy<=2500000000 ns
10:48:58.993 [main] DEBUG org.eclipse.jgit.internal.storage.file.FileSnapshot - file=/etc/gitconfig, is unmodified
10:48:58.993 [main] DEBUG org.eclipse.jgit.internal.storage.file.FileSnapshot - file=/home/toto/.gitconfig, isRacyClean=false, read=2024-02-09 10:48:58.972508608, lastModified=2024-01-22 19:04:00.457118245, delta=1525498515390363 ns, racy<=2500000000 ns
10:48:58.993 [main] DEBUG org.eclipse.jgit.internal.storage.file.FileSnapshot - file=/home/toto/.gitconfig, is unmodified
10:48:58.993 [main] DEBUG org.eclipse.jgit.internal.storage.file.FileSnapshot - file=/tmp/junit12619742866840035292/.git/config, isRacyClean=false, read=2024-02-09 10:48:58.977161270, lastModified=1970-01-01 01:00:00.000000000, delta=1707472138977161270 ns, racy<=2500000000 ns
10:48:58.993 [main] DEBUG org.eclipse.jgit.internal.storage.file.FileSnapshot - file=/tmp/junit12619742866840035292/.git/config, is unmodified
10:48:58.995 [JGit-FileStoreAttributeReader-1] DEBUG org.eclipse.jgit.internal.storage.file.FileSnapshot - file=/home/toto/.config/jgit/config, isRacyClean=false, read=2024-02-09 10:48:58.959926568, lastModified=2024-02-08 23:36:20.464134450, delta=40358495792118 ns, racy<=2500000000 ns
10:48:58.995 [JGit-FileStoreAttributeReader-1] DEBUG org.eclipse.jgit.internal.storage.file.FileSnapshot - file=/home/toto/.config/jgit/config, is unmodified
10:48:58.995 [JGit-FileStoreAttributeReader-1] DEBUG org.eclipse.jgit.internal.storage.file.FileSnapshot - file=/etc/gitconfig, isRacyClean=false, read=2024-02-09 10:48:58.971926671, lastModified=1970-01-01 01:00:00.000000000, delta=1707472138971926671 ns, racy<=2500000000 ns
10:48:58.995 [JGit-FileStoreAttributeReader-1] DEBUG org.eclipse.jgit.internal.storage.file.FileSnapshot - file=/etc/gitconfig, is unmodified
10:48:58.995 [JGit-FileStoreAttributeReader-1] DEBUG org.eclipse.jgit.internal.storage.file.FileSnapshot - file=/home/toto/.gitconfig, isRacyClean=false, read=2024-02-09 10:48:58.972508608, lastModified=2024-01-22 19:04:00.457118245, delta=1525498515390363 ns, racy<=2500000000 ns
10:48:58.995 [JGit-FileStoreAttributeReader-1] DEBUG org.eclipse.jgit.internal.storage.file.FileSnapshot - file=/home/toto/.gitconfig, is unmodified
10:48:58.997 [main] DEBUG org.eclipse.jgit.util.FS - Thread[main,5,main]: cannot measure timestamp resolution of unborn directory /tmp/junit12619742866840035292/.git/refs/remotes
10:48:58.997 [main] DEBUG org.eclipse.jgit.internal.storage.file.FileSnapshot - file=/home/toto/.config/jgit/config, isRacyClean=false, read=2024-02-09 10:48:58.959926568, lastModified=2024-02-08 23:36:20.464134450, delta=40358495792118 ns, racy<=2500000000 ns
10:48:58.998 [main] DEBUG org.eclipse.jgit.internal.storage.file.FileSnapshot - file=/home/toto/.config/jgit/config, is unmodified
10:48:58.998 [main] DEBUG org.eclipse.jgit.internal.storage.file.FileSnapshot - file=/etc/gitconfig, isRacyClean=false, read=2024-02-09 10:48:58.971926671, lastModified=1970-01-01 01:00:00.000000000, delta=1707472138971926671 ns, racy<=2500000000 ns
10:48:58.998 [main] DEBUG org.eclipse.jgit.internal.storage.file.FileSnapshot - file=/etc/gitconfig, is unmodified
10:48:58.998 [main] DEBUG org.eclipse.jgit.internal.storage.file.FileSnapshot - file=/home/toto/.gitconfig, isRacyClean=false, read=2024-02-09 10:48:58.972508608, lastModified=2024-01-22 19:04:00.457118245, delta=1525498515390363 ns, racy<=2500000000 ns
10:48:58.998 [main] DEBUG org.eclipse.jgit.internal.storage.file.FileSnapshot - file=/home/toto/.gitconfig, is unmodified
10:48:58.998 [main] DEBUG org.eclipse.jgit.internal.storage.file.FileSnapshot - file=/tmp/junit12619742866840035292/.git/config, isRacyClean=false, read=2024-02-09 10:48:58.977161270, lastModified=1970-01-01 01:00:00.000000000, delta=1707472138977161270 ns, racy<=2500000000 ns
10:48:58.998 [main] DEBUG org.eclipse.jgit.internal.storage.file.FileSnapshot - file=/tmp/junit12619742866840035292/.git/config, is unmodified
10:48:58.998 [main] DEBUG org.eclipse.jgit.internal.storage.file.FileSnapshot - file=/home/toto/.config/jgit/config, isRacyClean=false, read=2024-02-09 10:48:58.959926568, lastModified=2024-02-08 23:36:20.464134450, delta=40358495792118 ns, racy<=2500000000 ns
10:48:58.998 [main] DEBUG org.eclipse.jgit.internal.storage.file.FileSnapshot - file=/home/toto/.config/jgit/config, is unmodified
10:48:58.998 [main] DEBUG org.eclipse.jgit.internal.storage.file.FileSnapshot - file=/etc/gitconfig, isRacyClean=false, read=2024-02-09 10:48:58.971926671, lastModified=1970-01-01 01:00:00.000000000, delta=1707472138971926671 ns, racy<=2500000000 ns
10:48:58.998 [main] DEBUG org.eclipse.jgit.internal.storage.file.FileSnapshot - file=/etc/gitconfig, is unmodified
10:48:58.998 [main] DEBUG org.eclipse.jgit.internal.storage.file.FileSnapshot - file=/home/toto/.gitconfig, isRacyClean=false, read=2024-02-09 10:48:58.972508608, lastModified=2024-01-22 19:04:00.457118245, delta=1525498515390363 ns, racy<=2500000000 ns
10:48:58.998 [main] DEBUG org.eclipse.jgit.internal.storage.file.FileSnapshot - file=/home/toto/.gitconfig, is unmodified
10:48:58.998 [main] DEBUG org.eclipse.jgit.internal.storage.file.FileSnapshot - file=/tmp/junit12619742866840035292/.git/config, isRacyClean=false, read=2024-02-09 10:48:58.977161270, lastModified=1970-01-01 01:00:00.000000000, delta=1707472138977161270 ns, racy<=2500000000 ns
10:48:58.999 [main] DEBUG org.eclipse.jgit.internal.storage.file.FileSnapshot - file=/tmp/junit12619742866840035292/.git/config, is unmodified
10:48:58.999 [main] DEBUG org.eclipse.jgit.internal.storage.file.FileSnapshot - file=/home/toto/.config/jgit/config, isRacyClean=false, read=2024-02-09 10:48:58.959926568, lastModified=2024-02-08 23:36:20.464134450, delta=40358495792118 ns, racy<=2500000000 ns
10:48:58.999 [main] DEBUG org.eclipse.jgit.internal.storage.file.FileSnapshot - file=/home/toto/.config/jgit/config, is unmodified
10:48:58.999 [main] DEBUG org.eclipse.jgit.internal.storage.file.FileSnapshot - file=/etc/gitconfig, isRacyClean=false, read=2024-02-09 10:48:58.971926671, lastModified=1970-01-01 01:00:00.000000000, delta=1707472138971926671 ns, racy<=2500000000 ns
10:48:58.999 [main] DEBUG org.eclipse.jgit.internal.storage.file.FileSnapshot - file=/etc/gitconfig, is unmodified
10:48:58.999 [main] DEBUG org.eclipse.jgit.internal.storage.file.FileSnapshot - file=/home/toto/.gitconfig, isRacyClean=false, read=2024-02-09 10:48:58.972508608, lastModified=2024-01-22 19:04:00.457118245, delta=1525498515390363 ns, racy<=2500000000 ns
10:48:58.999 [main] DEBUG org.eclipse.jgit.internal.storage.file.FileSnapshot - file=/home/toto/.gitconfig, is unmodified
10:48:58.999 [main] DEBUG org.eclipse.jgit.internal.storage.file.FileSnapshot - file=/tmp/junit12619742866840035292/.git/config, isRacyClean=false, read=2024-02-09 10:48:58.977161270, lastModified=1970-01-01 01:00:00.000000000, delta=1707472138977161270 ns, racy<=2500000000 ns
10:48:58.999 [main] DEBUG org.eclipse.jgit.internal.storage.file.FileSnapshot - file=/tmp/junit12619742866840035292/.git/config, is unmodified
10:48:59.001 [main] DEBUG org.eclipse.jgit.internal.storage.file.FileSnapshot - file=/tmp/junit12619742866840035292/.git/HEAD.lock, create new FileSnapshot: lastRead=2024-02-09 10:48:59.001036227, lastModified=2024-02-09 10:48:58.998201797, size=23, fileKey=(dev=10302,ino=13238467)
10:48:59.004 [main] DEBUG org.eclipse.jgit.internal.storage.file.FileSnapshot - file=/tmp/junit12619742866840035292/.git/config.lock, create new FileSnapshot: lastRead=2024-02-09 10:48:59.004162180, lastModified=2024-02-09 10:48:59.002201792, size=78, fileKey=(dev=10302,ino=13238468)
10:48:59.005 [main] DEBUG org.eclipse.jgit.internal.storage.file.FileSnapshot - file=/home/toto/.config/jgit/config, isRacyClean=false, read=2024-02-09 10:48:58.959926568, lastModified=2024-02-08 23:36:20.464134450, delta=40358495792118 ns, racy<=2500000000 ns
10:48:59.005 [main] DEBUG org.eclipse.jgit.internal.storage.file.FileSnapshot - file=/home/toto/.config/jgit/config, is unmodified
10:48:59.005 [main] DEBUG org.eclipse.jgit.internal.storage.file.FileSnapshot - file=/etc/gitconfig, isRacyClean=false, read=2024-02-09 10:48:58.971926671, lastModified=1970-01-01 01:00:00.000000000, delta=1707472138971926671 ns, racy<=2500000000 ns
10:48:59.005 [main] DEBUG org.eclipse.jgit.internal.storage.file.FileSnapshot - file=/etc/gitconfig, is unmodified
10:48:59.005 [main] DEBUG org.eclipse.jgit.internal.storage.file.FileSnapshot - file=/home/toto/.gitconfig, isRacyClean=false, read=2024-02-09 10:48:58.972508608, lastModified=2024-01-22 19:04:00.457118245, delta=1525498515390363 ns, racy<=2500000000 ns
10:48:59.005 [main] DEBUG org.eclipse.jgit.internal.storage.file.FileSnapshot - file=/home/toto/.gitconfig, is unmodified
10:48:59.005 [main] DEBUG org.eclipse.jgit.internal.storage.file.FileSnapshot - file=/tmp/junit12619742866840035292/.git/config.lock, isRacyClean=true, read=2024-02-09 10:48:59.004162180, lastModified=2024-02-09 10:48:59.002201792, delta=1960388 ns, racy<=2500000000 ns
10:48:59.005 [main] DEBUG org.eclipse.jgit.internal.storage.file.FileSnapshot - file=/tmp/junit12619742866840035292/.git/config.lock, is racily clean
10:48:59.005 [main] DEBUG org.eclipse.jgit.internal.storage.file.FileSnapshot - file=/tmp/junit12619742866840035292/.git/config, create new FileSnapshot: lastRead=2024-02-09 10:48:59.005413939, lastModified=2024-02-09 10:48:59.002201792, size=78, fileKey=(dev=10302,ino=13238468)
10:48:59.005 [main] DEBUG org.eclipse.jgit.internal.storage.file.FileSnapshot - file=/tmp/junit12619742866840035292/.git/config.lock, isRacyClean=true, read=2024-02-09 10:48:59.005413939, lastModified=2024-02-09 10:48:59.002201792, delta=3212147 ns, racy<=2500000000 ns
10:48:59.006 [main] DEBUG org.eclipse.jgit.internal.storage.file.FileSnapshot - file=/home/toto/.config/jgit/config, isRacyClean=false, read=2024-02-09 10:48:58.959926568, lastModified=2024-02-08 23:36:20.464134450, delta=40358495792118 ns, racy<=2500000000 ns
10:48:59.006 [main] DEBUG org.eclipse.jgit.internal.storage.file.FileSnapshot - file=/home/toto/.config/jgit/config, is unmodified
10:48:59.006 [main] DEBUG org.eclipse.jgit.internal.storage.file.FileSnapshot - file=/etc/gitconfig, isRacyClean=false, read=2024-02-09 10:48:58.971926671, lastModified=1970-01-01 01:00:00.000000000, delta=1707472138971926671 ns, racy<=2500000000 ns
10:48:59.006 [main] DEBUG org.eclipse.jgit.internal.storage.file.FileSnapshot - file=/etc/gitconfig, is unmodified
10:48:59.007 [main] DEBUG org.eclipse.jgit.internal.storage.file.FileSnapshot - file=/home/toto/.gitconfig, isRacyClean=false, read=2024-02-09 10:48:58.972508608, lastModified=2024-01-22 19:04:00.457118245, delta=1525498515390363 ns, racy<=2500000000 ns
10:48:59.007 [main] DEBUG org.eclipse.jgit.internal.storage.file.FileSnapshot - file=/home/toto/.gitconfig, is unmodified
10:48:59.007 [main] DEBUG org.eclipse.jgit.internal.storage.file.FileSnapshot - file=/tmp/junit12619742866840035292/.git/config.lock, isRacyClean=true, read=2024-02-09 10:48:59.005413939, lastModified=2024-02-09 10:48:59.002201792, delta=3212147 ns, racy<=2500000000 ns
10:48:59.007 [main] DEBUG org.eclipse.jgit.internal.storage.file.FileSnapshot - file=/tmp/junit12619742866840035292/.git/config.lock, is racily clean
10:48:59.007 [main] DEBUG org.eclipse.jgit.internal.storage.file.FileSnapshot - file=/tmp/junit12619742866840035292/.git/config, create new FileSnapshot: lastRead=2024-02-09 10:48:59.007163507, lastModified=2024-02-09 10:48:59.002201792, size=78, fileKey=(dev=10302,ino=13238468)
10:48:59.007 [main] DEBUG org.eclipse.jgit.internal.storage.file.FileSnapshot - file=/tmp/junit12619742866840035292/.git/config.lock, isRacyClean=true, read=2024-02-09 10:48:59.007163507, lastModified=2024-02-09 10:48:59.002201792, delta=4961715 ns, racy<=2500000000 ns
10:48:59.007 [main] DEBUG org.eclipse.jgit.internal.storage.file.FileSnapshot - file=/home/toto/.config/jgit/config, isRacyClean=false, read=2024-02-09 10:48:58.959926568, lastModified=2024-02-08 23:36:20.464134450, delta=40358495792118 ns, racy<=2500000000 ns
10:48:59.007 [main] DEBUG org.eclipse.jgit.internal.storage.file.FileSnapshot - file=/home/toto/.config/jgit/config, is unmodified
10:48:59.007 [main] DEBUG org.eclipse.jgit.internal.storage.file.FileSnapshot - file=/etc/gitconfig, isRacyClean=false, read=2024-02-09 10:48:58.971926671, lastModified=1970-01-01 01:00:00.000000000, delta=1707472138971926671 ns, racy<=2500000000 ns
10:48:59.007 [main] DEBUG org.eclipse.jgit.internal.storage.file.FileSnapshot - file=/etc/gitconfig, is unmodified
10:48:59.007 [main] DEBUG org.eclipse.jgit.internal.storage.file.FileSnapshot - file=/home/toto/.gitconfig, isRacyClean=false, read=2024-02-09 10:48:58.972508608, lastModified=2024-01-22 19:04:00.457118245, delta=1525498515390363 ns, racy<=2500000000 ns
10:48:59.007 [main] DEBUG org.eclipse.jgit.internal.storage.file.FileSnapshot - file=/home/toto/.gitconfig, is unmodified
10:48:59.007 [main] DEBUG org.eclipse.jgit.internal.storage.file.FileSnapshot - file=/tmp/junit12619742866840035292/.git/config.lock, isRacyClean=true, read=2024-02-09 10:48:59.007163507, lastModified=2024-02-09 10:48:59.002201792, delta=4961715 ns, racy<=2500000000 ns
10:48:59.007 [main] DEBUG org.eclipse.jgit.internal.storage.file.FileSnapshot - file=/tmp/junit12619742866840035292/.git/config.lock, is racily clean
10:48:59.007 [main] DEBUG org.eclipse.jgit.internal.storage.file.FileSnapshot - file=/tmp/junit12619742866840035292/.git/config, create new FileSnapshot: lastRead=2024-02-09 10:48:59.007754347, lastModified=2024-02-09 10:48:59.002201792, size=78, fileKey=(dev=10302,ino=13238468)
10:48:59.007 [main] DEBUG org.eclipse.jgit.internal.storage.file.FileSnapshot - file=/tmp/junit12619742866840035292/.git/config.lock, isRacyClean=true, read=2024-02-09 10:48:59.007754347, lastModified=2024-02-09 10:48:59.002201792, delta=5552555 ns, racy<=2500000000 ns
10:48:59.008 [main] DEBUG org.eclipse.jgit.internal.storage.file.FileSnapshot - file=/tmp/junit12619742866840035292/.git/config.lock, create new FileSnapshot: lastRead=2024-02-09 10:48:59.008001110, lastModified=2024-02-09 10:48:59.006201787, size=194, fileKey=(dev=10302,ino=13238469)
10:48:59.017 [main] DEBUG org.eclipse.jgit.internal.storage.file.FileSnapshot - file=/home/toto/.config/jgit/config, isRacyClean=false, read=2024-02-09 10:48:58.959926568, lastModified=2024-02-08 23:36:20.464134450, delta=40358495792118 ns, racy<=2500000000 ns
10:48:59.017 [main] DEBUG org.eclipse.jgit.internal.storage.file.FileSnapshot - file=/home/toto/.config/jgit/config, is unmodified
10:48:59.017 [main] DEBUG org.eclipse.jgit.internal.storage.file.FileSnapshot - file=/etc/gitconfig, isRacyClean=false, read=2024-02-09 10:48:58.971926671, lastModified=1970-01-01 01:00:00.000000000, delta=1707472138971926671 ns, racy<=2500000000 ns
10:48:59.017 [main] DEBUG org.eclipse.jgit.internal.storage.file.FileSnapshot - file=/etc/gitconfig, is unmodified
10:48:59.017 [main] DEBUG org.eclipse.jgit.internal.storage.file.FileSnapshot - file=/home/toto/.gitconfig, isRacyClean=false, read=2024-02-09 10:48:58.972508608, lastModified=2024-01-22 19:04:00.457118245, delta=1525498515390363 ns, racy<=2500000000 ns
10:48:59.017 [main] DEBUG org.eclipse.jgit.internal.storage.file.FileSnapshot - file=/home/toto/.gitconfig, is unmodified
10:48:59.017 [main] DEBUG org.eclipse.jgit.internal.storage.file.FileSnapshot - file=/tmp/junit12619742866840035292/.git/config.lock, isRacyClean=true, read=2024-02-09 10:48:59.008001110, lastModified=2024-02-09 10:48:59.006201787, delta=1799323 ns, racy<=2500000000 ns
10:48:59.017 [main] DEBUG org.eclipse.jgit.internal.storage.file.FileSnapshot - file=/tmp/junit12619742866840035292/.git/config.lock, is racily clean
10:48:59.017 [main] DEBUG org.eclipse.jgit.internal.storage.file.FileSnapshot - file=/tmp/junit12619742866840035292/.git/config, create new FileSnapshot: lastRead=2024-02-09 10:48:59.017547401, lastModified=2024-02-09 10:48:59.006201787, size=194, fileKey=(dev=10302,ino=13238469)
10:48:59.017 [main] DEBUG org.eclipse.jgit.internal.storage.file.FileSnapshot - file=/tmp/junit12619742866840035292/.git/config.lock, isRacyClean=true, read=2024-02-09 10:48:59.017547401, lastModified=2024-02-09 10:48:59.006201787, delta=11345614 ns, racy<=2500000000 ns
10:48:59.018 [main] DEBUG org.eclipse.jgit.internal.storage.file.FileSnapshot - file=/home/toto/.config/jgit/config, isRacyClean=false, read=2024-02-09 10:48:58.959926568, lastModified=2024-02-08 23:36:20.464134450, delta=40358495792118 ns, racy<=2500000000 ns
10:48:59.018 [main] DEBUG org.eclipse.jgit.internal.storage.file.FileSnapshot - file=/home/toto/.config/jgit/config, is unmodified
10:48:59.018 [main] DEBUG org.eclipse.jgit.internal.storage.file.FileSnapshot - file=/etc/gitconfig, isRacyClean=false, read=2024-02-09 10:48:58.971926671, lastModified=1970-01-01 01:00:00.000000000, delta=1707472138971926671 ns, racy<=2500000000 ns
10:48:59.018 [main] DEBUG org.eclipse.jgit.internal.storage.file.FileSnapshot - file=/etc/gitconfig, is unmodified
10:48:59.018 [main] DEBUG org.eclipse.jgit.internal.storage.file.FileSnapshot - file=/home/toto/.gitconfig, isRacyClean=false, read=2024-02-09 10:48:58.972508608, lastModified=2024-01-22 19:04:00.457118245, delta=1525498515390363 ns, racy<=2500000000 ns
10:48:59.018 [main] DEBUG org.eclipse.jgit.internal.storage.file.FileSnapshot - file=/home/toto/.gitconfig, is unmodified
10:48:59.018 [main] DEBUG org.eclipse.jgit.internal.storage.file.FileSnapshot - file=/tmp/junit12619742866840035292/.git/config.lock, isRacyClean=true, read=2024-02-09 10:48:59.017547401, lastModified=2024-02-09 10:48:59.006201787, delta=11345614 ns, racy<=2500000000 ns
10:48:59.018 [main] DEBUG org.eclipse.jgit.internal.storage.file.FileSnapshot - file=/tmp/junit12619742866840035292/.git/config.lock, is racily clean
10:48:59.018 [main] DEBUG org.eclipse.jgit.internal.storage.file.FileSnapshot - file=/tmp/junit12619742866840035292/.git/config, create new FileSnapshot: lastRead=2024-02-09 10:48:59.018859100, lastModified=2024-02-09 10:48:59.006201787, size=194, fileKey=(dev=10302,ino=13238469)
10:48:59.019 [main] DEBUG org.eclipse.jgit.internal.storage.file.FileSnapshot - file=/tmp/junit12619742866840035292/.git/config.lock, isRacyClean=true, read=2024-02-09 10:48:59.018859100, lastModified=2024-02-09 10:48:59.006201787, delta=12657313 ns, racy<=2500000000 ns
10:48:59.023 [main] DEBUG org.eclipse.jgit.internal.storage.file.FileSnapshot - file=/home/toto/.config/jgit/config, isRacyClean=false, read=2024-02-09 10:48:58.959926568, lastModified=2024-02-08 23:36:20.464134450, delta=40358495792118 ns, racy<=2500000000 ns
10:48:59.023 [main] DEBUG org.eclipse.jgit.internal.storage.file.FileSnapshot - file=/home/toto/.config/jgit/config, is unmodified
10:48:59.024 [main] DEBUG org.eclipse.jgit.internal.storage.file.FileSnapshot - file=/etc/gitconfig, isRacyClean=false, read=2024-02-09 10:48:58.971926671, lastModified=1970-01-01 01:00:00.000000000, delta=1707472138971926671 ns, racy<=2500000000 ns
10:48:59.024 [main] DEBUG org.eclipse.jgit.internal.storage.file.FileSnapshot - file=/etc/gitconfig, is unmodified
10:48:59.024 [main] DEBUG org.eclipse.jgit.internal.storage.file.FileSnapshot - file=/home/toto/.gitconfig, isRacyClean=false, read=2024-02-09 10:48:58.972508608, lastModified=2024-01-22 19:04:00.457118245, delta=1525498515390363 ns, racy<=2500000000 ns
10:48:59.024 [main] DEBUG org.eclipse.jgit.internal.storage.file.FileSnapshot - file=/home/toto/.gitconfig, is unmodified
10:48:59.024 [main] DEBUG org.eclipse.jgit.internal.storage.file.FileSnapshot - file=/tmp/junit12619742866840035292/.git/config.lock, isRacyClean=true, read=2024-02-09 10:48:59.018859100, lastModified=2024-02-09 10:48:59.006201787, delta=12657313 ns, racy<=2500000000 ns
10:48:59.024 [main] DEBUG org.eclipse.jgit.internal.storage.file.FileSnapshot - file=/tmp/junit12619742866840035292/.git/config.lock, is racily clean
10:48:59.024 [main] DEBUG org.eclipse.jgit.internal.storage.file.FileSnapshot - file=/tmp/junit12619742866840035292/.git/config, create new FileSnapshot: lastRead=2024-02-09 10:48:59.024300760, lastModified=2024-02-09 10:48:59.006201787, size=194, fileKey=(dev=10302,ino=13238469)
10:48:59.024 [main] DEBUG org.eclipse.jgit.internal.storage.file.FileSnapshot - file=/tmp/junit12619742866840035292/.git/config.lock, isRacyClean=true, read=2024-02-09 10:48:59.024300760, lastModified=2024-02-09 10:48:59.006201787, delta=18098973 ns, racy<=2500000000 ns
10:48:59.025 [main] DEBUG org.eclipse.jgit.internal.storage.file.FileSnapshot - file=/home/toto/.config/jgit/config, isRacyClean=false, read=2024-02-09 10:48:58.959926568, lastModified=2024-02-08 23:36:20.464134450, delta=40358495792118 ns, racy<=2500000000 ns
10:48:59.025 [main] DEBUG org.eclipse.jgit.internal.storage.file.FileSnapshot - file=/home/toto/.config/jgit/config, is unmodified
10:48:59.025 [main] DEBUG org.eclipse.jgit.internal.storage.file.FileSnapshot - file=/etc/gitconfig, isRacyClean=false, read=2024-02-09 10:48:58.971926671, lastModified=1970-01-01 01:00:00.000000000, delta=1707472138971926671 ns, racy<=2500000000 ns
10:48:59.025 [main] DEBUG org.eclipse.jgit.internal.storage.file.FileSnapshot - file=/etc/gitconfig, is unmodified
10:48:59.025 [main] DEBUG org.eclipse.jgit.internal.storage.file.FileSnapshot - file=/home/toto/.gitconfig, isRacyClean=false, read=2024-02-09 10:48:58.972508608, lastModified=2024-01-22 19:04:00.457118245, delta=1525498515390363 ns, racy<=2500000000 ns
10:48:59.025 [main] DEBUG org.eclipse.jgit.internal.storage.file.FileSnapshot - file=/home/toto/.gitconfig, is unmodified
10:48:59.025 [main] DEBUG org.eclipse.jgit.internal.storage.file.FileSnapshot - file=/tmp/junit12619742866840035292/.git/config.lock, isRacyClean=true, read=2024-02-09 10:48:59.024300760, lastModified=2024-02-09 10:48:59.006201787, delta=18098973 ns, racy<=2500000000 ns
10:48:59.025 [main] DEBUG org.eclipse.jgit.internal.storage.file.FileSnapshot - file=/tmp/junit12619742866840035292/.git/config.lock, is racily clean
10:48:59.025 [main] DEBUG org.eclipse.jgit.internal.storage.file.FileSnapshot - file=/tmp/junit12619742866840035292/.git/config, create new FileSnapshot: lastRead=2024-02-09 10:48:59.025933857, lastModified=2024-02-09 10:48:59.006201787, size=194, fileKey=(dev=10302,ino=13238469)
10:48:59.026 [main] DEBUG org.eclipse.jgit.internal.storage.file.FileSnapshot - file=/tmp/junit12619742866840035292/.git/config.lock, isRacyClean=true, read=2024-02-09 10:48:59.025933857, lastModified=2024-02-09 10:48:59.006201787, delta=19732070 ns, racy<=2500000000 ns
10:48:59.027 [main] DEBUG org.eclipse.jgit.internal.storage.file.FileSnapshot - file=/home/toto/.config/jgit/config, isRacyClean=false, read=2024-02-09 10:48:58.959926568, lastModified=2024-02-08 23:36:20.464134450, delta=40358495792118 ns, racy<=2500000000 ns
10:48:59.027 [main] DEBUG org.eclipse.jgit.internal.storage.file.FileSnapshot - file=/home/toto/.config/jgit/config, is unmodified
10:48:59.027 [main] DEBUG org.eclipse.jgit.internal.storage.file.FileSnapshot - file=/etc/gitconfig, isRacyClean=false, read=2024-02-09 10:48:58.971926671, lastModified=1970-01-01 01:00:00.000000000, delta=1707472138971926671 ns, racy<=2500000000 ns
10:48:59.027 [main] DEBUG org.eclipse.jgit.internal.storage.file.FileSnapshot - file=/etc/gitconfig, is unmodified
10:48:59.027 [main] DEBUG org.eclipse.jgit.internal.storage.file.FileSnapshot - file=/home/toto/.gitconfig, isRacyClean=false, read=2024-02-09 10:48:58.972508608, lastModified=2024-01-22 19:04:00.457118245, delta=1525498515390363 ns, racy<=2500000000 ns
10:48:59.027 [main] DEBUG org.eclipse.jgit.internal.storage.file.FileSnapshot - file=/home/toto/.gitconfig, is unmodified
10:48:59.027 [main] DEBUG org.eclipse.jgit.internal.storage.file.FileSnapshot - file=/tmp/junit12619742866840035292/.git/config.lock, isRacyClean=true, read=2024-02-09 10:48:59.025933857, lastModified=2024-02-09 10:48:59.006201787, delta=19732070 ns, racy<=2500000000 ns
10:48:59.027 [main] DEBUG org.eclipse.jgit.internal.storage.file.FileSnapshot - file=/tmp/junit12619742866840035292/.git/config.lock, is racily clean
10:48:59.027 [main] DEBUG org.eclipse.jgit.internal.storage.file.FileSnapshot - file=/tmp/junit12619742866840035292/.git/config, create new FileSnapshot: lastRead=2024-02-09 10:48:59.027440558, lastModified=2024-02-09 10:48:59.006201787, size=194, fileKey=(dev=10302,ino=13238469)
10:48:59.027 [main] DEBUG org.eclipse.jgit.internal.storage.file.FileSnapshot - file=/tmp/junit12619742866840035292/.git/config.lock, isRacyClean=true, read=2024-02-09 10:48:59.027440558, lastModified=2024-02-09 10:48:59.006201787, delta=21238771 ns, racy<=2500000000 ns
10:48:59.027 [main] DEBUG org.eclipse.jgit.internal.storage.file.FileSnapshot - file=/tmp/junit12619742866840035292/.git/HEAD.lock, isRacyClean=true, read=2024-02-09 10:48:59.001036227, lastModified=2024-02-09 10:48:58.998201797, delta=2834430 ns, racy<=2500000000 ns
10:48:59.027 [main] DEBUG org.eclipse.jgit.internal.storage.file.FileSnapshot - file=/tmp/junit12619742866840035292/.git/HEAD.lock, is racily clean
10:48:59.027 [main] DEBUG org.eclipse.jgit.internal.storage.file.FileSnapshot - file=/tmp/junit12619742866840035292/.git/HEAD, create new FileSnapshot: lastRead=2024-02-09 10:48:59.027876979, lastModified=2024-02-09 10:48:58.998201797, size=23, fileKey=(dev=10302,ino=13238467)
10:48:59.028 [main] DEBUG org.eclipse.jgit.internal.storage.file.FileSnapshot - file=/tmp/junit12619742866840035292/.git/HEAD.lock, isRacyClean=true, read=2024-02-09 10:48:59.027876979, lastModified=2024-02-09 10:48:58.998201797, delta=29675182 ns, racy<=2500000000 ns
10:48:59.452 [main] DEBUG org.eclipse.jgit.transport.PacketLineIn - git< # service=git-upload-pack
10:48:59.453 [main] DEBUG org.eclipse.jgit.transport.PacketLineIn - git< 0000
10:48:59.459 [main] DEBUG org.eclipse.jgit.internal.storage.file.FileSnapshot - file=/home/toto/.config/jgit/config, isRacyClean=false, read=2024-02-09 10:48:58.959926568, lastModified=2024-02-08 23:36:20.464134450, delta=40358495792118 ns, racy<=2500000000 ns
10:48:59.460 [main] DEBUG org.eclipse.jgit.internal.storage.file.FileSnapshot - file=/home/toto/.config/jgit/config, is unmodified
10:48:59.460 [main] DEBUG org.eclipse.jgit.internal.storage.file.FileSnapshot - file=/etc/gitconfig, isRacyClean=false, read=2024-02-09 10:48:58.971926671, lastModified=1970-01-01 01:00:00.000000000, delta=1707472138971926671 ns, racy<=2500000000 ns
10:48:59.460 [main] DEBUG org.eclipse.jgit.internal.storage.file.FileSnapshot - file=/etc/gitconfig, is unmodified
10:48:59.460 [main] DEBUG org.eclipse.jgit.internal.storage.file.FileSnapshot - file=/home/toto/.gitconfig, isRacyClean=false, read=2024-02-09 10:48:58.972508608, lastModified=2024-01-22 19:04:00.457118245, delta=1525498515390363 ns, racy<=2500000000 ns
10:48:59.460 [main] DEBUG org.eclipse.jgit.internal.storage.file.FileSnapshot - file=/home/toto/.gitconfig, is unmodified
10:48:59.460 [main] DEBUG org.eclipse.jgit.internal.storage.file.FileSnapshot - file=/tmp/junit12619742866840035292/.git/config.lock, isRacyClean=true, read=2024-02-09 10:48:59.027440558, lastModified=2024-02-09 10:48:59.006201787, delta=21238771 ns, racy<=2500000000 ns
10:48:59.460 [main] DEBUG org.eclipse.jgit.internal.storage.file.FileSnapshot - file=/tmp/junit12619742866840035292/.git/config.lock, is racily clean
10:48:59.460 [main] DEBUG org.eclipse.jgit.internal.storage.file.FileSnapshot - file=/tmp/junit12619742866840035292/.git/config, create new FileSnapshot: lastRead=2024-02-09 10:48:59.460446287, lastModified=2024-02-09 10:48:59.006201787, size=194, fileKey=(dev=10302,ino=13238469)
10:48:59.460 [main] DEBUG org.eclipse.jgit.internal.storage.file.FileSnapshot - file=/tmp/junit12619742866840035292/.git/config.lock, isRacyClean=true, read=2024-02-09 10:48:59.460446287, lastModified=2024-02-09 10:48:59.006201787, delta=454244500 ns, racy<=2500000000 ns
10:48:59.472 [main] DEBUG org.eclipse.jgit.transport.PacketLineIn - git< version 2
10:48:59.473 [main] DEBUG org.eclipse.jgit.transport.PacketLineIn - git< agent=git/github-f2c0399b4791
10:48:59.473 [main] DEBUG org.eclipse.jgit.transport.PacketLineIn - git< ls-refs=unborn
10:48:59.473 [main] DEBUG org.eclipse.jgit.transport.PacketLineIn - git< fetch=shallow wait-for-done filter
10:48:59.473 [main] DEBUG org.eclipse.jgit.transport.PacketLineIn - git< server-option
10:48:59.473 [main] DEBUG org.eclipse.jgit.transport.PacketLineIn - git< object-format=sha1
10:48:59.473 [main] DEBUG org.eclipse.jgit.transport.PacketLineIn - git< 0000
10:48:59.475 [main] DEBUG org.eclipse.jgit.transport.PacketLineOut - git> command=ls-refs
10:48:59.475 [main] DEBUG org.eclipse.jgit.transport.PacketLineOut - git> agent=JGit/5.13.0.202109080827-r
10:48:59.475 [main] DEBUG org.eclipse.jgit.transport.PacketLineOut - git> 0001
10:48:59.475 [main] DEBUG org.eclipse.jgit.transport.PacketLineOut - git> peel
10:48:59.475 [main] DEBUG org.eclipse.jgit.transport.PacketLineOut - git> symrefs
10:48:59.475 [main] DEBUG org.eclipse.jgit.transport.PacketLineOut - git> ref-prefix HEAD
10:48:59.475 [main] DEBUG org.eclipse.jgit.transport.PacketLineOut - git> ref-prefix refs/tags/
10:48:59.475 [main] DEBUG org.eclipse.jgit.transport.PacketLineOut - git> ref-prefix refs/heads/
10:48:59.475 [main] DEBUG org.eclipse.jgit.transport.PacketLineOut - git> 0000
10:48:59.621 [main] DEBUG org.eclipse.jgit.transport.PacketLineIn - git< df78b447dabe8a2c4ef56e7dcbf1edbe789113a1 HEAD symref-target:refs/heads/main
10:48:59.622 [main] DEBUG org.eclipse.jgit.transport.PacketLineIn - git< f018dc52b5154427c1efcfb37798b80ed78ac44a refs/heads/MarcusJak/issue81
10:48:59.622 [main] DEBUG org.eclipse.jgit.transport.PacketLineIn - git< 67d83bfb02eb57cdccb12e60b7e659eae0d00114 refs/heads/additional_tests
10:48:59.622 [main] DEBUG org.eclipse.jgit.transport.PacketLineIn - git< 68f0c85301c7b46c8eb2aed07b647a1c299e61bf refs/heads/issue/85
10:48:59.622 [main] DEBUG org.eclipse.jgit.transport.PacketLineIn - git< c2ee884f60bc68409b062e0d93cc9fd7ff740243 refs/heads/issue/90
10:48:59.622 [main] DEBUG org.eclipse.jgit.transport.PacketLineIn - git< df78b447dabe8a2c4ef56e7dcbf1edbe789113a1 refs/heads/main
10:48:59.622 [main] DEBUG org.eclipse.jgit.transport.PacketLineIn - git< 0000
10:48:59.622 [main] DEBUG org.eclipse.jgit.internal.storage.file.FileSnapshot - file=/tmp/junit12619742866840035292/.git/HEAD.lock, isRacyClean=true, read=2024-02-09 10:48:59.027876979, lastModified=2024-02-09 10:48:58.998201797, delta=29675182 ns, racy<=2500000000 ns
10:48:59.622 [main] DEBUG org.eclipse.jgit.internal.storage.file.FileSnapshot - file=/tmp/junit12619742866840035292/.git/HEAD.lock, is racily clean
10:48:59.622 [main] DEBUG org.eclipse.jgit.internal.storage.file.FileSnapshot - file=/tmp/junit12619742866840035292/.git/HEAD, create new FileSnapshot: lastRead=2024-02-09 10:48:59.622603808, lastModified=2024-02-09 10:48:58.998201797, size=23, fileKey=(dev=10302,ino=13238467)
10:48:59.622 [main] DEBUG org.eclipse.jgit.internal.storage.file.FileSnapshot - file=/tmp/junit12619742866840035292/.git/HEAD.lock, isRacyClean=true, read=2024-02-09 10:48:59.622603808, lastModified=2024-02-09 10:48:58.998201797, delta=624402011 ns, racy<=2500000000 ns
10:48:59.623 [main] DEBUG org.eclipse.jgit.internal.storage.file.FileSnapshot - file=/home/toto/.config/jgit/config, isRacyClean=false, read=2024-02-09 10:48:58.959926568, lastModified=2024-02-08 23:36:20.464134450, delta=40358495792118 ns, racy<=2500000000 ns
10:48:59.623 [main] DEBUG org.eclipse.jgit.internal.storage.file.FileSnapshot - file=/home/toto/.config/jgit/config, is unmodified
10:48:59.623 [main] DEBUG org.eclipse.jgit.internal.storage.file.FileSnapshot - file=/etc/gitconfig, isRacyClean=false, read=2024-02-09 10:48:58.971926671, lastModified=1970-01-01 01:00:00.000000000, delta=1707472138971926671 ns, racy<=2500000000 ns
10:48:59.623 [main] DEBUG org.eclipse.jgit.internal.storage.file.FileSnapshot - file=/etc/gitconfig, is unmodified
10:48:59.623 [main] DEBUG org.eclipse.jgit.internal.storage.file.FileSnapshot - file=/home/toto/.gitconfig, isRacyClean=false, read=2024-02-09 10:48:58.972508608, lastModified=2024-01-22 19:04:00.457118245, delta=1525498515390363 ns, racy<=2500000000 ns
10:48:59.623 [main] DEBUG org.eclipse.jgit.internal.storage.file.FileSnapshot - file=/home/toto/.gitconfig, is unmodified
10:48:59.623 [main] DEBUG org.eclipse.jgit.internal.storage.file.FileSnapshot - file=/tmp/junit12619742866840035292/.git/config.lock, isRacyClean=true, read=2024-02-09 10:48:59.460446287, lastModified=2024-02-09 10:48:59.006201787, delta=454244500 ns, racy<=2500000000 ns
10:48:59.623 [main] DEBUG org.eclipse.jgit.internal.storage.file.FileSnapshot - file=/tmp/junit12619742866840035292/.git/config.lock, is racily clean
10:48:59.623 [main] DEBUG org.eclipse.jgit.internal.storage.file.FileSnapshot - file=/tmp/junit12619742866840035292/.git/config, create new FileSnapshot: lastRead=2024-02-09 10:48:59.623817067, lastModified=2024-02-09 10:48:59.006201787, size=194, fileKey=(dev=10302,ino=13238469)
10:48:59.624 [main] DEBUG org.eclipse.jgit.internal.storage.file.FileSnapshot - file=/tmp/junit12619742866840035292/.git/config.lock, isRacyClean=true, read=2024-02-09 10:48:59.623817067, lastModified=2024-02-09 10:48:59.006201787, delta=617615280 ns, racy<=2500000000 ns
10:48:59.630 [main] DEBUG org.eclipse.jgit.internal.storage.file.FileSnapshot - file=null, size changed from -1 to 4096 bytes
10:48:59.631 [main] DEBUG org.eclipse.jgit.internal.storage.file.FileSnapshot - file=/tmp/junit12619742866840035292/.git/objects/pack, create new FileSnapshot: lastRead=2024-02-09 10:48:59.630486744, lastModified=2024-02-09 10:48:58.986201811, size=4096, fileKey=(dev=10302,ino=13238464)
10:48:59.631 [main] DEBUG org.eclipse.jgit.internal.storage.file.FileSnapshot - file=/tmp/junit12619742866840035292/.git/objects/pack, isRacyClean=false, read=2024-02-09 10:48:59.630486744, lastModified=2024-02-09 10:48:58.986201811, delta=644284933 ns, racy<=18050000 ns
10:48:59.631 [main] DEBUG org.eclipse.jgit.internal.storage.file.FileSnapshot - file=/tmp/junit12619742866840035292/.git/objects/pack, is unmodified
10:48:59.632 [main] DEBUG org.eclipse.jgit.internal.storage.file.FileSnapshot - file=null, size changed from -1 to 0 bytes
10:48:59.633 [main] DEBUG org.eclipse.jgit.internal.storage.file.FileSnapshot - file=/tmp/junit12619742866840035292/.git/objects/pack/preserved, isRacyClean=false, read=2024-02-09 10:48:59.633051035, lastModified=1970-01-01 01:00:00.000000000, delta=1707472139633051035 ns, racy<=18050000 ns
10:48:59.633 [main] DEBUG org.eclipse.jgit.internal.storage.file.FileSnapshot - file=/tmp/junit12619742866840035292/.git/objects/pack/preserved, is unmodified
10:48:59.666 [main] DEBUG org.eclipse.jgit.internal.storage.file.FileSnapshot - file=/tmp/junit12619742866840035292/.git/objects/pack, isRacyClean=false, read=2024-02-09 10:48:59.630486744, lastModified=2024-02-09 10:48:58.986201811, delta=644284933 ns, racy<=18050000 ns
10:48:59.666 [main] DEBUG org.eclipse.jgit.internal.storage.file.FileSnapshot - file=/tmp/junit12619742866840035292/.git/objects/pack, is unmodified
10:48:59.666 [main] DEBUG org.eclipse.jgit.internal.storage.file.FileSnapshot - file=/tmp/junit12619742866840035292/.git/objects/pack/preserved, isRacyClean=false, read=2024-02-09 10:48:59.633051035, lastModified=1970-01-01 01:00:00.000000000, delta=1707472139633051035 ns, racy<=18050000 ns
10:48:59.667 [main] DEBUG org.eclipse.jgit.internal.storage.file.FileSnapshot - file=/tmp/junit12619742866840035292/.git/objects/pack/preserved, is unmodified
10:48:59.667 [main] DEBUG org.eclipse.jgit.internal.storage.file.FileSnapshot - file=/tmp/junit12619742866840035292/.git/objects/pack, isRacyClean=false, read=2024-02-09 10:48:59.630486744, lastModified=2024-02-09 10:48:58.986201811, delta=644284933 ns, racy<=18050000 ns
10:48:59.667 [main] DEBUG org.eclipse.jgit.internal.storage.file.FileSnapshot - file=/tmp/junit12619742866840035292/.git/objects/pack, is unmodified
10:48:59.667 [main] DEBUG org.eclipse.jgit.internal.storage.file.FileSnapshot - file=/tmp/junit12619742866840035292/.git/objects/pack/preserved, isRacyClean=false, read=2024-02-09 10:48:59.633051035, lastModified=1970-01-01 01:00:00.000000000, delta=1707472139633051035 ns, racy<=18050000 ns
10:48:59.667 [main] DEBUG org.eclipse.jgit.internal.storage.file.FileSnapshot - file=/tmp/junit12619742866840035292/.git/objects/pack/preserved, is unmodified
10:48:59.667 [main] DEBUG org.eclipse.jgit.internal.storage.file.FileSnapshot - file=/tmp/junit12619742866840035292/.git/objects/pack, isRacyClean=false, read=2024-02-09 10:48:59.630486744, lastModified=2024-02-09 10:48:58.986201811, delta=644284933 ns, racy<=18050000 ns
10:48:59.667 [main] DEBUG org.eclipse.jgit.internal.storage.file.FileSnapshot - file=/tmp/junit12619742866840035292/.git/objects/pack, is unmodified
10:48:59.667 [main] DEBUG org.eclipse.jgit.internal.storage.file.FileSnapshot - file=/tmp/junit12619742866840035292/.git/objects/pack/preserved, isRacyClean=false, read=2024-02-09 10:48:59.633051035, lastModified=1970-01-01 01:00:00.000000000, delta=1707472139633051035 ns, racy<=18050000 ns
10:48:59.667 [main] DEBUG org.eclipse.jgit.internal.storage.file.FileSnapshot - file=/tmp/junit12619742866840035292/.git/objects/pack/preserved, is unmodified
10:48:59.667 [main] DEBUG org.eclipse.jgit.internal.storage.file.FileSnapshot - file=/tmp/junit12619742866840035292/.git/objects/pack, isRacyClean=false, read=2024-02-09 10:48:59.630486744, lastModified=2024-02-09 10:48:58.986201811, delta=644284933 ns, racy<=18050000 ns
10:48:59.667 [main] DEBUG org.eclipse.jgit.internal.storage.file.FileSnapshot - file=/tmp/junit12619742866840035292/.git/objects/pack, is unmodified
10:48:59.667 [main] DEBUG org.eclipse.jgit.internal.storage.file.FileSnapshot - file=/tmp/junit12619742866840035292/.git/objects/pack/preserved, isRacyClean=false, read=2024-02-09 10:48:59.633051035, lastModified=1970-01-01 01:00:00.000000000, delta=1707472139633051035 ns, racy<=18050000 ns
10:48:59.667 [main] DEBUG org.eclipse.jgit.internal.storage.file.FileSnapshot - file=/tmp/junit12619742866840035292/.git/objects/pack/preserved, is unmodified
10:48:59.667 [main] DEBUG org.eclipse.jgit.internal.storage.file.FileSnapshot - file=/tmp/junit12619742866840035292/.git/objects/pack, isRacyClean=false, read=2024-02-09 10:48:59.630486744, lastModified=2024-02-09 10:48:58.986201811, delta=644284933 ns, racy<=18050000 ns
10:48:59.667 [main] DEBUG org.eclipse.jgit.internal.storage.file.FileSnapshot - file=/tmp/junit12619742866840035292/.git/objects/pack, is unmodified
10:48:59.667 [main] DEBUG org.eclipse.jgit.internal.storage.file.FileSnapshot - file=/tmp/junit12619742866840035292/.git/objects/pack/preserved, isRacyClean=false, read=2024-02-09 10:48:59.633051035, lastModified=1970-01-01 01:00:00.000000000, delta=1707472139633051035 ns, racy<=18050000 ns
10:48:59.667 [main] DEBUG org.eclipse.jgit.internal.storage.file.FileSnapshot - file=/tmp/junit12619742866840035292/.git/objects/pack/preserved, is unmodified
10:48:59.668 [main] DEBUG org.eclipse.jgit.internal.storage.file.FileSnapshot - file=/tmp/junit12619742866840035292/.git/objects/pack, isRacyClean=false, read=2024-02-09 10:48:59.630486744, lastModified=2024-02-09 10:48:58.986201811, delta=644284933 ns, racy<=18050000 ns
10:48:59.668 [main] DEBUG org.eclipse.jgit.internal.storage.file.FileSnapshot - file=/tmp/junit12619742866840035292/.git/objects/pack, is unmodified
10:48:59.668 [main] DEBUG org.eclipse.jgit.internal.storage.file.FileSnapshot - file=/tmp/junit12619742866840035292/.git/objects/pack/preserved, isRacyClean=false, read=2024-02-09 10:48:59.633051035, lastModified=1970-01-01 01:00:00.000000000, delta=1707472139633051035 ns, racy<=18050000 ns
10:48:59.668 [main] DEBUG org.eclipse.jgit.internal.storage.file.FileSnapshot - file=/tmp/junit12619742866840035292/.git/objects/pack/preserved, is unmodified
10:48:59.668 [main] DEBUG org.eclipse.jgit.internal.storage.file.FileSnapshot - file=/tmp/junit12619742866840035292/.git/objects/pack, isRacyClean=false, read=2024-02-09 10:48:59.630486744, lastModified=2024-02-09 10:48:58.986201811, delta=644284933 ns, racy<=18050000 ns
10:48:59.668 [main] DEBUG org.eclipse.jgit.internal.storage.file.FileSnapshot - file=/tmp/junit12619742866840035292/.git/objects/pack, is unmodified
10:48:59.668 [main] DEBUG org.eclipse.jgit.internal.storage.file.FileSnapshot - file=/tmp/junit12619742866840035292/.git/objects/pack/preserved, isRacyClean=false, read=2024-02-09 10:48:59.633051035, lastModified=1970-01-01 01:00:00.000000000, delta=1707472139633051035 ns, racy<=18050000 ns
10:48:59.668 [main] DEBUG org.eclipse.jgit.internal.storage.file.FileSnapshot - file=/tmp/junit12619742866840035292/.git/objects/pack/preserved, is unmodified
10:48:59.668 [main] DEBUG org.eclipse.jgit.internal.storage.file.FileSnapshot - file=/tmp/junit12619742866840035292/.git/objects/pack, isRacyClean=false, read=2024-02-09 10:48:59.630486744, lastModified=2024-02-09 10:48:58.986201811, delta=644284933 ns, racy<=18050000 ns
10:48:59.668 [main] DEBUG org.eclipse.jgit.internal.storage.file.FileSnapshot - file=/tmp/junit12619742866840035292/.git/objects/pack, is unmodified
10:48:59.668 [main] DEBUG org.eclipse.jgit.internal.storage.file.FileSnapshot - file=/tmp/junit12619742866840035292/.git/objects/pack/preserved, isRacyClean=false, read=2024-02-09 10:48:59.633051035, lastModified=1970-01-01 01:00:00.000000000, delta=1707472139633051035 ns, racy<=18050000 ns
10:48:59.668 [main] DEBUG org.eclipse.jgit.internal.storage.file.FileSnapshot - file=/tmp/junit12619742866840035292/.git/objects/pack/preserved, is unmodified
10:48:59.668 [main] DEBUG org.eclipse.jgit.internal.storage.file.FileSnapshot - file=/tmp/junit12619742866840035292/.git/objects/pack, isRacyClean=false, read=2024-02-09 10:48:59.630486744, lastModified=2024-02-09 10:48:58.986201811, delta=644284933 ns, racy<=18050000 ns
10:48:59.668 [main] DEBUG org.eclipse.jgit.internal.storage.file.FileSnapshot - file=/tmp/junit12619742866840035292/.git/objects/pack, is unmodified
10:48:59.668 [main] DEBUG org.eclipse.jgit.internal.storage.file.FileSnapshot - file=/tmp/junit12619742866840035292/.git/objects/pack/preserved, isRacyClean=false, read=2024-02-09 10:48:59.633051035, lastModified=1970-01-01 01:00:00.000000000, delta=1707472139633051035 ns, racy<=18050000 ns
10:48:59.668 [main] DEBUG org.eclipse.jgit.internal.storage.file.FileSnapshot - file=/tmp/junit12619742866840035292/.git/objects/pack/preserved, is unmodified
10:48:59.668 [main] DEBUG org.eclipse.jgit.internal.storage.file.FileSnapshot - file=/tmp/junit12619742866840035292/.git/objects/pack, isRacyClean=false, read=2024-02-09 10:48:59.630486744, lastModified=2024-02-09 10:48:58.986201811, delta=644284933 ns, racy<=18050000 ns
10:48:59.668 [main] DEBUG org.eclipse.jgit.internal.storage.file.FileSnapshot - file=/tmp/junit12619742866840035292/.git/objects/pack, is unmodified
10:48:59.668 [main] DEBUG org.eclipse.jgit.internal.storage.file.FileSnapshot - file=/tmp/junit12619742866840035292/.git/objects/pack/preserved, isRacyClean=false, read=2024-02-09 10:48:59.633051035, lastModified=1970-01-01 01:00:00.000000000, delta=1707472139633051035 ns, racy<=18050000 ns
10:48:59.669 [main] DEBUG org.eclipse.jgit.internal.storage.file.FileSnapshot - file=/tmp/junit12619742866840035292/.git/objects/pack/preserved, is unmodified
10:48:59.669 [main] DEBUG org.eclipse.jgit.internal.storage.file.FileSnapshot - file=/tmp/junit12619742866840035292/.git/objects/pack, isRacyClean=false, read=2024-02-09 10:48:59.630486744, lastModified=2024-02-09 10:48:58.986201811, delta=644284933 ns, racy<=18050000 ns
10:48:59.669 [main] DEBUG org.eclipse.jgit.internal.storage.file.FileSnapshot - file=/tmp/junit12619742866840035292/.git/objects/pack, is unmodified
10:48:59.669 [main] DEBUG org.eclipse.jgit.internal.storage.file.FileSnapshot - file=/tmp/junit12619742866840035292/.git/objects/pack/preserved, isRacyClean=false, read=2024-02-09 10:48:59.633051035, lastModified=1970-01-01 01:00:00.000000000, delta=1707472139633051035 ns, racy<=18050000 ns
10:48:59.669 [main] DEBUG org.eclipse.jgit.internal.storage.file.FileSnapshot - file=/tmp/junit12619742866840035292/.git/objects/pack/preserved, is unmodified
10:48:59.669 [main] DEBUG org.eclipse.jgit.internal.storage.file.FileSnapshot - file=/tmp/junit12619742866840035292/.git/HEAD.lock, isRacyClean=true, read=2024-02-09 10:48:59.622603808, lastModified=2024-02-09 10:48:58.998201797, delta=624402011 ns, racy<=2500000000 ns
10:48:59.669 [main] DEBUG org.eclipse.jgit.internal.storage.file.FileSnapshot - file=/tmp/junit12619742866840035292/.git/HEAD.lock, is racily clean
10:48:59.669 [main] DEBUG org.eclipse.jgit.internal.storage.file.FileSnapshot - file=/tmp/junit12619742866840035292/.git/HEAD, create new FileSnapshot: lastRead=2024-02-09 10:48:59.669376512, lastModified=2024-02-09 10:48:58.998201797, size=23, fileKey=(dev=10302,ino=13238467)
10:48:59.669 [main] DEBUG org.eclipse.jgit.internal.storage.file.FileSnapshot - file=/tmp/junit12619742866840035292/.git/HEAD.lock, isRacyClean=true, read=2024-02-09 10:48:59.669376512, lastModified=2024-02-09 10:48:58.998201797, delta=671174715 ns, racy<=2500000000 ns
10:48:59.669 [main] DEBUG org.eclipse.jgit.internal.storage.file.FileSnapshot - file=/home/toto/.config/jgit/config, isRacyClean=false, read=2024-02-09 10:48:58.959926568, lastModified=2024-02-08 23:36:20.464134450, delta=40358495792118 ns, racy<=2500000000 ns
10:48:59.669 [main] DEBUG org.eclipse.jgit.internal.storage.file.FileSnapshot - file=/home/toto/.config/jgit/config, is unmodified
10:48:59.669 [main] DEBUG org.eclipse.jgit.internal.storage.file.FileSnapshot - file=/etc/gitconfig, isRacyClean=false, read=2024-02-09 10:48:58.971926671, lastModified=1970-01-01 01:00:00.000000000, delta=1707472138971926671 ns, racy<=2500000000 ns
10:48:59.669 [main] DEBUG org.eclipse.jgit.internal.storage.file.FileSnapshot - file=/etc/gitconfig, is unmodified
10:48:59.669 [main] DEBUG org.eclipse.jgit.internal.storage.file.FileSnapshot - file=/home/toto/.gitconfig, isRacyClean=false, read=2024-02-09 10:48:58.972508608, lastModified=2024-01-22 19:04:00.457118245, delta=1525498515390363 ns, racy<=2500000000 ns
10:48:59.669 [main] DEBUG org.eclipse.jgit.internal.storage.file.FileSnapshot - file=/home/toto/.gitconfig, is unmodified
10:48:59.669 [main] DEBUG org.eclipse.jgit.internal.storage.file.FileSnapshot - file=/tmp/junit12619742866840035292/.git/config.lock, isRacyClean=true, read=2024-02-09 10:48:59.623817067, lastModified=2024-02-09 10:48:59.006201787, delta=617615280 ns, racy<=2500000000 ns
10:48:59.669 [main] DEBUG org.eclipse.jgit.internal.storage.file.FileSnapshot - file=/tmp/junit12619742866840035292/.git/config.lock, is racily clean
10:48:59.669 [main] DEBUG org.eclipse.jgit.internal.storage.file.FileSnapshot - file=/tmp/junit12619742866840035292/.git/config, create new FileSnapshot: lastRead=2024-02-09 10:48:59.669846265, lastModified=2024-02-09 10:48:59.006201787, size=194, fileKey=(dev=10302,ino=13238469)
10:48:59.669 [main] DEBUG org.eclipse.jgit.internal.storage.file.FileSnapshot - file=/tmp/junit12619742866840035292/.git/config.lock, isRacyClean=true, read=2024-02-09 10:48:59.669846265, lastModified=2024-02-09 10:48:59.006201787, delta=663644478 ns, racy<=2500000000 ns
10:48:59.670 [main] DEBUG org.eclipse.jgit.transport.PacketLineOut - git> command=fetch
10:48:59.670 [main] DEBUG org.eclipse.jgit.transport.PacketLineOut - git> agent=JGit/5.13.0.202109080827-r
10:48:59.670 [main] DEBUG org.eclipse.jgit.transport.PacketLineOut - git> 0001
10:48:59.670 [main] DEBUG org.eclipse.jgit.transport.PacketLineOut - git> no-progress
10:48:59.670 [main] DEBUG org.eclipse.jgit.transport.PacketLineOut - git> include-tag
10:48:59.670 [main] DEBUG org.eclipse.jgit.transport.PacketLineOut - git> ofs-delta
10:48:59.670 [main] DEBUG org.eclipse.jgit.transport.PacketLineOut - git> thin-pack
10:48:59.671 [main] DEBUG org.eclipse.jgit.internal.storage.file.FileSnapshot - file=/tmp/junit12619742866840035292/.git/objects/pack, isRacyClean=false, read=2024-02-09 10:48:59.630486744, lastModified=2024-02-09 10:48:58.986201811, delta=644284933 ns, racy<=18050000 ns
10:48:59.671 [main] DEBUG org.eclipse.jgit.internal.storage.file.FileSnapshot - file=/tmp/junit12619742866840035292/.git/objects/pack, is unmodified
10:48:59.671 [main] DEBUG org.eclipse.jgit.internal.storage.file.FileSnapshot - file=/tmp/junit12619742866840035292/.git/objects/pack/preserved, isRacyClean=false, read=2024-02-09 10:48:59.633051035, lastModified=1970-01-01 01:00:00.000000000, delta=1707472139633051035 ns, racy<=18050000 ns
10:48:59.671 [main] DEBUG org.eclipse.jgit.internal.storage.file.FileSnapshot - file=/tmp/junit12619742866840035292/.git/objects/pack/preserved, is unmodified
10:48:59.671 [main] DEBUG org.eclipse.jgit.transport.PacketLineOut - git> want f018dc52b5154427c1efcfb37798b80ed78ac44a\n
10:48:59.671 [main] DEBUG org.eclipse.jgit.internal.storage.file.FileSnapshot - file=/tmp/junit12619742866840035292/.git/objects/pack, isRacyClean=false, read=2024-02-09 10:48:59.630486744, lastModified=2024-02-09 10:48:58.986201811, delta=644284933 ns, racy<=18050000 ns
10:48:59.671 [main] DEBUG org.eclipse.jgit.internal.storage.file.FileSnapshot - file=/tmp/junit12619742866840035292/.git/objects/pack, is unmodified
10:48:59.671 [main] DEBUG org.eclipse.jgit.internal.storage.file.FileSnapshot - file=/tmp/junit12619742866840035292/.git/objects/pack/preserved, isRacyClean=false, read=2024-02-09 10:48:59.633051035, lastModified=1970-01-01 01:00:00.000000000, delta=1707472139633051035 ns, racy<=18050000 ns
10:48:59.671 [main] DEBUG org.eclipse.jgit.internal.storage.file.FileSnapshot - file=/tmp/junit12619742866840035292/.git/objects/pack/preserved, is unmodified
10:48:59.671 [main] DEBUG org.eclipse.jgit.transport.PacketLineOut - git> want df78b447dabe8a2c4ef56e7dcbf1edbe789113a1\n
10:48:59.671 [main] DEBUG org.eclipse.jgit.internal.storage.file.FileSnapshot - file=/tmp/junit12619742866840035292/.git/objects/pack, isRacyClean=false, read=2024-02-09 10:48:59.630486744, lastModified=2024-02-09 10:48:58.986201811, delta=644284933 ns, racy<=18050000 ns
10:48:59.671 [main] DEBUG org.eclipse.jgit.internal.storage.file.FileSnapshot - file=/tmp/junit12619742866840035292/.git/objects/pack, is unmodified
10:48:59.671 [main] DEBUG org.eclipse.jgit.internal.storage.file.FileSnapshot - file=/tmp/junit12619742866840035292/.git/objects/pack/preserved, isRacyClean=false, read=2024-02-09 10:48:59.633051035, lastModified=1970-01-01 01:00:00.000000000, delta=1707472139633051035 ns, racy<=18050000 ns
10:48:59.671 [main] DEBUG org.eclipse.jgit.internal.storage.file.FileSnapshot - file=/tmp/junit12619742866840035292/.git/objects/pack/preserved, is unmodified
10:48:59.671 [main] DEBUG org.eclipse.jgit.transport.PacketLineOut - git> want 67d83bfb02eb57cdccb12e60b7e659eae0d00114\n
10:48:59.671 [main] DEBUG org.eclipse.jgit.internal.storage.file.FileSnapshot - file=/tmp/junit12619742866840035292/.git/objects/pack, isRacyClean=false, read=2024-02-09 10:48:59.630486744, lastModified=2024-02-09 10:48:58.986201811, delta=644284933 ns, racy<=18050000 ns
10:48:59.671 [main] DEBUG org.eclipse.jgit.internal.storage.file.FileSnapshot - file=/tmp/junit12619742866840035292/.git/objects/pack, is unmodified
10:48:59.671 [main] DEBUG org.eclipse.jgit.internal.storage.file.FileSnapshot - file=/tmp/junit12619742866840035292/.git/objects/pack/preserved, isRacyClean=false, read=2024-02-09 10:48:59.633051035, lastModified=1970-01-01 01:00:00.000000000, delta=1707472139633051035 ns, racy<=18050000 ns
10:48:59.671 [main] DEBUG org.eclipse.jgit.internal.storage.file.FileSnapshot - file=/tmp/junit12619742866840035292/.git/objects/pack/preserved, is unmodified
10:48:59.672 [main] DEBUG org.eclipse.jgit.transport.PacketLineOut - git> want 68f0c85301c7b46c8eb2aed07b647a1c299e61bf\n
10:48:59.672 [main] DEBUG org.eclipse.jgit.internal.storage.file.FileSnapshot - file=/tmp/junit12619742866840035292/.git/objects/pack, isRacyClean=false, read=2024-02-09 10:48:59.630486744, lastModified=2024-02-09 10:48:58.986201811, delta=644284933 ns, racy<=18050000 ns
10:48:59.672 [main] DEBUG org.eclipse.jgit.internal.storage.file.FileSnapshot - file=/tmp/junit12619742866840035292/.git/objects/pack, is unmodified
10:48:59.672 [main] DEBUG org.eclipse.jgit.internal.storage.file.FileSnapshot - file=/tmp/junit12619742866840035292/.git/objects/pack/preserved, isRacyClean=false, read=2024-02-09 10:48:59.633051035, lastModified=1970-01-01 01:00:00.000000000, delta=1707472139633051035 ns, racy<=18050000 ns
10:48:59.672 [main] DEBUG org.eclipse.jgit.internal.storage.file.FileSnapshot - file=/tmp/junit12619742866840035292/.git/objects/pack/preserved, is unmodified
10:48:59.672 [main] DEBUG org.eclipse.jgit.transport.PacketLineOut - git> want c2ee884f60bc68409b062e0d93cc9fd7ff740243\n
10:48:59.672 [main] DEBUG org.eclipse.jgit.transport.PacketLineOut - git> done\n
10:48:59.672 [main] DEBUG org.eclipse.jgit.transport.PacketLineOut - git> 0000
10:48:59.908 [main] DEBUG org.eclipse.jgit.transport.PacketLineIn - git< packfile
10:48:59.993 [main] DEBUG org.eclipse.jgit.internal.storage.file.FileSnapshot - file=/tmp/junit12619742866840035292/.git/objects/pack, isRacyClean=false, read=2024-02-09 10:48:59.630486744, lastModified=2024-02-09 10:48:58.986201811, delta=644284933 ns, racy<=18050000 ns
10:48:59.994 [main] DEBUG org.eclipse.jgit.internal.storage.file.FileSnapshot - file=/tmp/junit12619742866840035292/.git/objects/pack, is unmodified
10:48:59.994 [main] DEBUG org.eclipse.jgit.internal.storage.file.FileSnapshot - file=/tmp/junit12619742866840035292/.git/objects/pack, isRacyClean=false, read=2024-02-09 10:48:59.630486744, lastModified=2024-02-09 10:48:58.986201811, delta=644284933 ns, racy<=18050000 ns
10:48:59.994 [main] DEBUG org.eclipse.jgit.internal.storage.file.FileSnapshot - file=/tmp/junit12619742866840035292/.git/objects/pack, is unmodified
10:48:59.994 [main] DEBUG org.eclipse.jgit.internal.storage.file.FileSnapshot - file=/tmp/junit12619742866840035292/.git/objects/pack, isRacyClean=false, read=2024-02-09 10:48:59.630486744, lastModified=2024-02-09 10:48:58.986201811, delta=644284933 ns, racy<=18050000 ns
10:48:59.994 [main] DEBUG org.eclipse.jgit.internal.storage.file.FileSnapshot - file=/tmp/junit12619742866840035292/.git/objects/pack, is unmodified
10:48:59.994 [main] DEBUG org.eclipse.jgit.internal.storage.file.FileSnapshot - file=/tmp/junit12619742866840035292/.git/objects/pack, isRacyClean=false, read=2024-02-09 10:48:59.630486744, lastModified=2024-02-09 10:48:58.986201811, delta=644284933 ns, racy<=18050000 ns
10:48:59.994 [main] DEBUG org.eclipse.jgit.internal.storage.file.FileSnapshot - file=/tmp/junit12619742866840035292/.git/objects/pack, is unmodified
10:48:59.994 [main] DEBUG org.eclipse.jgit.internal.storage.file.FileSnapshot - file=/tmp/junit12619742866840035292/.git/objects/pack, isRacyClean=false, read=2024-02-09 10:48:59.630486744, lastModified=2024-02-09 10:48:58.986201811, delta=644284933 ns, racy<=18050000 ns
10:48:59.994 [main] DEBUG org.eclipse.jgit.internal.storage.file.FileSnapshot - file=/tmp/junit12619742866840035292/.git/objects/pack, is unmodified
10:48:59.994 [main] DEBUG org.eclipse.jgit.internal.storage.file.FileSnapshot - file=/tmp/junit12619742866840035292/.git/objects/pack, isRacyClean=false, read=2024-02-09 10:48:59.630486744, lastModified=2024-02-09 10:48:58.986201811, delta=644284933 ns, racy<=18050000 ns
10:48:59.994 [main] DEBUG org.eclipse.jgit.internal.storage.file.FileSnapshot - file=/tmp/junit12619742866840035292/.git/objects/pack, is unmodified
10:48:59.994 [main] DEBUG org.eclipse.jgit.internal.storage.file.FileSnapshot - file=/tmp/junit12619742866840035292/.git/objects/pack, isRacyClean=false, read=2024-02-09 10:48:59.630486744, lastModified=2024-02-09 10:48:58.986201811, delta=644284933 ns, racy<=18050000 ns
10:48:59.994 [main] DEBUG org.eclipse.jgit.internal.storage.file.FileSnapshot - file=/tmp/junit12619742866840035292/.git/objects/pack, is unmodified
10:48:59.994 [main] DEBUG org.eclipse.jgit.internal.storage.file.FileSnapshot - file=/tmp/junit12619742866840035292/.git/objects/pack, isRacyClean=false, read=2024-02-09 10:48:59.630486744, lastModified=2024-02-09 10:48:58.986201811, delta=644284933 ns, racy<=18050000 ns
10:48:59.994 [main] DEBUG org.eclipse.jgit.internal.storage.file.FileSnapshot - file=/tmp/junit12619742866840035292/.git/objects/pack, is unmodified
10:48:59.994 [main] DEBUG org.eclipse.jgit.internal.storage.file.FileSnapshot - file=/tmp/junit12619742866840035292/.git/objects/pack, isRacyClean=false, read=2024-02-09 10:48:59.630486744, lastModified=2024-02-09 10:48:58.986201811, delta=644284933 ns, racy<=18050000 ns
10:48:59.994 [main] DEBUG org.eclipse.jgit.internal.storage.file.FileSnapshot - file=/tmp/junit12619742866840035292/.git/objects/pack, is unmodified
10:48:59.994 [main] DEBUG org.eclipse.jgit.internal.storage.file.FileSnapshot - file=/tmp/junit12619742866840035292/.git/objects/pack, isRacyClean=false, read=2024-02-09 10:48:59.630486744, lastModified=2024-02-09 10:48:58.986201811, delta=644284933 ns, racy<=18050000 ns
10:48:59.994 [main] DEBUG org.eclipse.jgit.internal.storage.file.FileSnapshot - file=/tmp/junit12619742866840035292/.git/objects/pack, is unmodified
10:48:59.994 [main] DEBUG org.eclipse.jgit.internal.storage.file.FileSnapshot - file=/tmp/junit12619742866840035292/.git/objects/pack, isRacyClean=false, read=2024-02-09 10:48:59.630486744, lastModified=2024-02-09 10:48:58.986201811, delta=644284933 ns, racy<=18050000 ns
10:48:59.994 [main] DEBUG org.eclipse.jgit.internal.storage.file.FileSnapshot - file=/tmp/junit12619742866840035292/.git/objects/pack, is unmodified
10:48:59.995 [main] DEBUG org.eclipse.jgit.internal.storage.file.FileSnapshot - file=/tmp/junit12619742866840035292/.git/objects/pack, isRacyClean=false, read=2024-02-09 10:48:59.630486744, lastModified=2024-02-09 10:48:58.986201811, delta=644284933 ns, racy<=18050000 ns
10:48:59.995 [main] DEBUG org.eclipse.jgit.internal.storage.file.FileSnapshot - file=/tmp/junit12619742866840035292/.git/objects/pack, is unmodified
10:48:59.995 [main] DEBUG org.eclipse.jgit.internal.storage.file.FileSnapshot - file=/tmp/junit12619742866840035292/.git/objects/pack, isRacyClean=false, read=2024-02-09 10:48:59.630486744, lastModified=2024-02-09 10:48:58.986201811, delta=644284933 ns, racy<=18050000 ns
10:48:59.995 [main] DEBUG org.eclipse.jgit.internal.storage.file.FileSnapshot - file=/tmp/junit12619742866840035292/.git/objects/pack, is unmodified
10:48:59.995 [main] DEBUG org.eclipse.jgit.internal.storage.file.FileSnapshot - file=/tmp/junit12619742866840035292/.git/objects/pack, isRacyClean=false, read=2024-02-09 10:48:59.630486744, lastModified=2024-02-09 10:48:58.986201811, delta=644284933 ns, racy<=18050000 ns
10:48:59.995 [main] DEBUG org.eclipse.jgit.internal.storage.file.FileSnapshot - file=/tmp/junit12619742866840035292/.git/objects/pack, is unmodified
10:48:59.995 [main] DEBUG org.eclipse.jgit.internal.storage.file.FileSnapshot - file=/tmp/junit12619742866840035292/.git/objects/pack, isRacyClean=false, read=2024-02-09 10:48:59.630486744, lastModified=2024-02-09 10:48:58.986201811, delta=644284933 ns, racy<=18050000 ns
10:48:59.995 [main] DEBUG org.eclipse.jgit.internal.storage.file.FileSnapshot - file=/tmp/junit12619742866840035292/.git/objects/pack, is unmodified
10:48:59.995 [main] DEBUG org.eclipse.jgit.internal.storage.file.FileSnapshot - file=/tmp/junit12619742866840035292/.git/objects/pack, isRacyClean=false, read=2024-02-09 10:48:59.630486744, lastModified=2024-02-09 10:48:58.986201811, delta=644284933 ns, racy<=18050000 ns
10:48:59.995 [main] DEBUG org.eclipse.jgit.internal.storage.file.FileSnapshot - file=/tmp/junit12619742866840035292/.git/objects/pack, is unmodified
10:48:59.995 [main] DEBUG org.eclipse.jgit.internal.storage.file.FileSnapshot - file=/tmp/junit12619742866840035292/.git/objects/pack, isRacyClean=false, read=2024-02-09 10:48:59.630486744, lastModified=2024-02-09 10:48:58.986201811, delta=644284933 ns, racy<=18050000 ns
10:48:59.995 [main] DEBUG org.eclipse.jgit.internal.storage.file.FileSnapshot - file=/tmp/junit12619742866840035292/.git/objects/pack, is unmodified
10:48:59.995 [main] DEBUG org.eclipse.jgit.internal.storage.file.FileSnapshot - file=/tmp/junit12619742866840035292/.git/objects/pack, isRacyClean=false, read=2024-02-09 10:48:59.630486744, lastModified=2024-02-09 10:48:58.986201811, delta=644284933 ns, racy<=18050000 ns
10:48:59.995 [main] DEBUG org.eclipse.jgit.internal.storage.file.FileSnapshot - file=/tmp/junit12619742866840035292/.git/objects/pack, is unmodified
10:48:59.995 [main] DEBUG org.eclipse.jgit.internal.storage.file.FileSnapshot - file=/tmp/junit12619742866840035292/.git/objects/pack, isRacyClean=false, read=2024-02-09 10:48:59.630486744, lastModified=2024-02-09 10:48:58.986201811, delta=644284933 ns, racy<=18050000 ns
10:48:59.995 [main] DEBUG org.eclipse.jgit.internal.storage.file.FileSnapshot - file=/tmp/junit12619742866840035292/.git/objects/pack, is unmodified
10:48:59.995 [main] DEBUG org.eclipse.jgit.internal.storage.file.FileSnapshot - file=/tmp/junit12619742866840035292/.git/objects/pack, isRacyClean=false, read=2024-02-09 10:48:59.630486744, lastModified=2024-02-09 10:48:58.986201811, delta=644284933 ns, racy<=18050000 ns
10:48:59.995 [main] DEBUG org.eclipse.jgit.internal.storage.file.FileSnapshot - file=/tmp/junit12619742866840035292/.git/objects/pack, is unmodified
10:48:59.995 [main] DEBUG org.eclipse.jgit.internal.storage.file.FileSnapshot - file=/tmp/junit12619742866840035292/.git/objects/pack, isRacyClean=false, read=2024-02-09 10:48:59.630486744, lastModified=2024-02-09 10:48:58.986201811, delta=644284933 ns, racy<=18050000 ns
10:48:59.995 [main] DEBUG org.eclipse.jgit.internal.storage.file.FileSnapshot - file=/tmp/junit12619742866840035292/.git/objects/pack, is unmodified
10:48:59.996 [main] DEBUG org.eclipse.jgit.internal.storage.file.FileSnapshot - file=/tmp/junit12619742866840035292/.git/objects/pack, isRacyClean=false, read=2024-02-09 10:48:59.630486744, lastModified=2024-02-09 10:48:58.986201811, delta=644284933 ns, racy<=18050000 ns
10:48:59.996 [main] DEBUG org.eclipse.jgit.internal.storage.file.FileSnapshot - file=/tmp/junit12619742866840035292/.git/objects/pack, is unmodified
10:48:59.996 [main] DEBUG org.eclipse.jgit.internal.storage.file.FileSnapshot - file=/tmp/junit12619742866840035292/.git/objects/pack, isRacyClean=false, read=2024-02-09 10:48:59.630486744, lastModified=2024-02-09 10:48:58.986201811, delta=644284933 ns, racy<=18050000 ns
10:48:59.996 [main] DEBUG org.eclipse.jgit.internal.storage.file.FileSnapshot - file=/tmp/junit12619742866840035292/.git/objects/pack, is unmodified
10:48:59.996 [main] DEBUG org.eclipse.jgit.internal.storage.file.FileSnapshot - file=/tmp/junit12619742866840035292/.git/objects/pack, isRacyClean=false, read=2024-02-09 10:48:59.630486744, lastModified=2024-02-09 10:48:58.986201811, delta=644284933 ns, racy<=18050000 ns
10:48:59.996 [main] DEBUG org.eclipse.jgit.internal.storage.file.FileSnapshot - file=/tmp/junit12619742866840035292/.git/objects/pack, is unmodified
10:48:59.996 [main] DEBUG org.eclipse.jgit.internal.storage.file.FileSnapshot - file=/tmp/junit12619742866840035292/.git/objects/pack, isRacyClean=false, read=2024-02-09 10:48:59.630486744, lastModified=2024-02-09 10:48:58.986201811, delta=644284933 ns, racy<=18050000 ns
10:48:59.996 [main] DEBUG org.eclipse.jgit.internal.storage.file.FileSnapshot - file=/tmp/junit12619742866840035292/.git/objects/pack, is unmodified
10:48:59.996 [main] DEBUG org.eclipse.jgit.internal.storage.file.FileSnapshot - file=/tmp/junit12619742866840035292/.git/objects/pack, isRacyClean=false, read=2024-02-09 10:48:59.630486744, lastModified=2024-02-09 10:48:58.986201811, delta=644284933 ns, racy<=18050000 ns
10:48:59.996 [main] DEBUG org.eclipse.jgit.internal.storage.file.FileSnapshot - file=/tmp/junit12619742866840035292/.git/objects/pack, is unmodified
10:48:59.996 [main] DEBUG org.eclipse.jgit.internal.storage.file.FileSnapshot - file=/tmp/junit12619742866840035292/.git/objects/pack, isRacyClean=false, read=2024-02-09 10:48:59.630486744, lastModified=2024-02-09 10:48:58.986201811, delta=644284933 ns, racy<=18050000 ns
10:48:59.996 [main] DEBUG org.eclipse.jgit.internal.storage.file.FileSnapshot - file=/tmp/junit12619742866840035292/.git/objects/pack, is unmodified
10:48:59.996 [main] DEBUG org.eclipse.jgit.internal.storage.file.FileSnapshot - file=/tmp/junit12619742866840035292/.git/objects/pack, isRacyClean=false, read=2024-02-09 10:48:59.630486744, lastModified=2024-02-09 10:48:58.986201811, delta=644284933 ns, racy<=18050000 ns
10:48:59.996 [main] DEBUG org.eclipse.jgit.internal.storage.file.FileSnapshot - file=/tmp/junit12619742866840035292/.git/objects/pack, is unmodified
10:48:59.996 [main] DEBUG org.eclipse.jgit.internal.storage.file.FileSnapshot - file=/tmp/junit12619742866840035292/.git/objects/pack, isRacyClean=false, read=2024-02-09 10:48:59.630486744, lastModified=2024-02-09 10:48:58.986201811, delta=644284933 ns, racy<=18050000 ns
[...]
10:49:00.105 [main] DEBUG org.eclipse.jgit.internal.storage.file.FileSnapshot - file=/home/toto/.config/jgit/config, is unmodified
10:49:00.105 [main] DEBUG org.eclipse.jgit.internal.storage.file.FileSnapshot - file=/etc/gitconfig, isRacyClean=false, read=2024-02-09 10:48:58.971926671, lastModified=1970-01-01 01:00:00.000000000, delta=1707472138971926671 ns, racy<=2500000000 ns
10:49:00.105 [main] DEBUG org.eclipse.jgit.internal.storage.file.FileSnapshot - file=/etc/gitconfig, is unmodified
10:49:00.105 [main] DEBUG org.eclipse.jgit.internal.storage.file.FileSnapshot - file=/home/toto/.gitconfig, isRacyClean=false, read=2024-02-09 10:48:58.972508608, lastModified=2024-01-22 19:04:00.457118245, delta=1525498515390363 ns, racy<=2500000000 ns
10:49:00.105 [main] DEBUG org.eclipse.jgit.internal.storage.file.FileSnapshot - file=/home/toto/.gitconfig, is unmodified
10:49:00.105 [main] DEBUG org.eclipse.jgit.internal.storage.file.FileSnapshot - file=/tmp/junit12619742866840035292/.git/config.lock, isRacyClean=true, read=2024-02-09 10:49:00.105457017, lastModified=2024-02-09 10:49:00.074200532, delta=31256485 ns, racy<=2500000000 ns
10:49:00.105 [main] DEBUG org.eclipse.jgit.internal.storage.file.FileSnapshot - file=/tmp/junit12619742866840035292/.git/config.lock, is racily clean
10:49:00.105 [main] DEBUG org.eclipse.jgit.internal.storage.file.FileSnapshot - file=/tmp/junit12619742866840035292/.git/config, create new FileSnapshot: lastRead=2024-02-09 10:49:00.105803600, lastModified=2024-02-09 10:49:00.074200532, size=252, fileKey=(dev=10302,ino=13238467)
10:49:00.105 [main] DEBUG org.eclipse.jgit.internal.storage.file.FileSnapshot - file=/tmp/junit12619742866840035292/.git/config.lock, isRacyClean=true, read=2024-02-09 10:49:00.105803600, lastModified=2024-02-09 10:49:00.074200532, delta=31603068 ns, racy<=2500000000 ns
10:49:00.105 [main] DEBUG org.eclipse.jgit.internal.storage.file.FileSnapshot - file=/tmp/junit12619742866840035292/.git/packed-refs, isRacyClean=true, read=2024-02-09 10:49:00.105507983, lastModified=2024-02-09 10:49:00.050200560, delta=55307423 ns, racy<=2500000000 ns
10:49:00.105 [main] DEBUG org.eclipse.jgit.internal.storage.file.FileSnapshot - file=/tmp/junit12619742866840035292/.git/packed-refs, is racily clean
10:49:00.105 [main] DEBUG org.eclipse.jgit.internal.storage.file.FileSnapshot - file=/tmp/junit12619742866840035292/.git/packed-refs, create new FileSnapshot: lastRead=2024-02-09 10:49:00.105854292, lastModified=2024-02-09 10:49:00.050200560, size=388, fileKey=(dev=10302,ino=13238472)
10:49:00.105 [main] DEBUG org.eclipse.jgit.internal.storage.file.FileSnapshot - file=/tmp/junit12619742866840035292/.git/HEAD.lock, isRacyClean=true, read=2024-02-09 10:49:00.105596814, lastModified=2024-02-09 10:49:00.074200532, delta=31396282 ns, racy<=2500000000 ns
10:49:00.105 [main] DEBUG org.eclipse.jgit.internal.storage.file.FileSnapshot - file=/tmp/junit12619742866840035292/.git/HEAD.lock, is racily clean
10:49:00.105 [main] DEBUG org.eclipse.jgit.internal.storage.file.FileSnapshot - file=/tmp/junit12619742866840035292/.git/HEAD, create new FileSnapshot: lastRead=2024-02-09 10:49:00.105940127, lastModified=2024-02-09 10:49:00.074200532, size=21, fileKey=(dev=10302,ino=13238471)
10:49:00.105 [main] DEBUG org.eclipse.jgit.internal.storage.file.FileSnapshot - file=/tmp/junit12619742866840035292/.git/HEAD.lock, isRacyClean=true, read=2024-02-09 10:49:00.105940127, lastModified=2024-02-09 10:49:00.074200532, delta=31739595 ns, racy<=2500000000 ns
10:49:00.105 [main] DEBUG org.eclipse.jgit.internal.storage.file.FileSnapshot - file=/tmp/junit12619742866840035292/.git/refs/heads/main.lock, cannot be racily clean
10:49:00.106 [main] DEBUG org.eclipse.jgit.internal.storage.file.FileSnapshot - file=/home/toto/.config/jgit/config, isRacyClean=false, read=2024-02-09 10:48:58.959926568, lastModified=2024-02-08 23:36:20.464134450, delta=40358495792118 ns, racy<=2500000000 ns
10:49:00.106 [main] DEBUG org.eclipse.jgit.internal.storage.file.FileSnapshot - file=/home/toto/.config/jgit/config, is unmodified
10:49:00.106 [main] DEBUG org.eclipse.jgit.internal.storage.file.FileSnapshot - file=/etc/gitconfig, isRacyClean=false, read=2024-02-09 10:48:58.971926671, lastModified=1970-01-01 01:00:00.000000000, delta=1707472138971926671 ns, racy<=2500000000 ns
10:49:00.106 [main] DEBUG org.eclipse.jgit.internal.storage.file.FileSnapshot - file=/etc/gitconfig, is unmodified
10:49:00.106 [main] DEBUG org.eclipse.jgit.internal.storage.file.FileSnapshot - file=/home/toto/.gitconfig, isRacyClean=false, read=2024-02-09 10:48:58.972508608, lastModified=2024-01-22 19:04:00.457118245, delta=1525498515390363 ns, racy<=2500000000 ns
10:49:00.106 [main] DEBUG org.eclipse.jgit.internal.storage.file.FileSnapshot - file=/home/toto/.gitconfig, is unmodified
10:49:00.106 [main] DEBUG org.eclipse.jgit.internal.storage.file.FileSnapshot - file=/tmp/junit12619742866840035292/.git/config.lock, isRacyClean=true, read=2024-02-09 10:49:00.105803600, lastModified=2024-02-09 10:49:00.074200532, delta=31603068 ns, racy<=2500000000 ns
10:49:00.106 [main] DEBUG org.eclipse.jgit.internal.storage.file.FileSnapshot - file=/tmp/junit12619742866840035292/.git/config.lock, is racily clean
10:49:00.106 [main] DEBUG org.eclipse.jgit.internal.storage.file.FileSnapshot - file=/tmp/junit12619742866840035292/.git/config, create new FileSnapshot: lastRead=2024-02-09 10:49:00.106138016, lastModified=2024-02-09 10:49:00.074200532, size=252, fileKey=(dev=10302,ino=13238467)
10:49:00.106 [main] DEBUG org.eclipse.jgit.internal.storage.file.FileSnapshot - file=/tmp/junit12619742866840035292/.git/config.lock, isRacyClean=true, read=2024-02-09 10:49:00.106138016, lastModified=2024-02-09 10:49:00.074200532, delta=31937484 ns, racy<=2500000000 ns
10:49:00.106 [main] DEBUG org.eclipse.jgit.internal.storage.file.FileSnapshot - file=/home/toto/.config/jgit/config, isRacyClean=false, read=2024-02-09 10:48:58.959926568, lastModified=2024-02-08 23:36:20.464134450, delta=40358495792118 ns, racy<=2500000000 ns
10:49:00.106 [main] DEBUG org.eclipse.jgit.internal.storage.file.FileSnapshot - file=/home/toto/.config/jgit/config, is unmodified
10:49:00.106 [main] DEBUG org.eclipse.jgit.internal.storage.file.FileSnapshot - file=/etc/gitconfig, isRacyClean=false, read=2024-02-09 10:48:58.971926671, lastModified=1970-01-01 01:00:00.000000000, delta=1707472138971926671 ns, racy<=2500000000 ns
10:49:00.106 [main] DEBUG org.eclipse.jgit.internal.storage.file.FileSnapshot - file=/etc/gitconfig, is unmodified
10:49:00.106 [main] DEBUG org.eclipse.jgit.internal.storage.file.FileSnapshot - file=/home/toto/.gitconfig, isRacyClean=false, read=2024-02-09 10:48:58.972508608, lastModified=2024-01-22 19:04:00.457118245, delta=1525498515390363 ns, racy<=2500000000 ns
10:49:00.106 [main] DEBUG org.eclipse.jgit.internal.storage.file.FileSnapshot - file=/home/toto/.gitconfig, is unmodified
10:49:00.106 [main] DEBUG org.eclipse.jgit.internal.storage.file.FileSnapshot - file=/tmp/junit12619742866840035292/.git/config.lock, isRacyClean=true, read=2024-02-09 10:49:00.106138016, lastModified=2024-02-09 10:49:00.074200532, delta=31937484 ns, racy<=2500000000 ns
10:49:00.106 [main] DEBUG org.eclipse.jgit.internal.storage.file.FileSnapshot - file=/tmp/junit12619742866840035292/.git/config.lock, is racily clean
10:49:00.106 [main] DEBUG org.eclipse.jgit.internal.storage.file.FileSnapshot - file=/tmp/junit12619742866840035292/.git/config, create new FileSnapshot: lastRead=2024-02-09 10:49:00.106275794, lastModified=2024-02-09 10:49:00.074200532, size=252, fileKey=(dev=10302,ino=13238467)
10:49:00.106 [main] DEBUG org.eclipse.jgit.internal.storage.file.FileSnapshot - file=/tmp/junit12619742866840035292/.git/config.lock, isRacyClean=true, read=2024-02-09 10:49:00.106275794, lastModified=2024-02-09 10:49:00.074200532, delta=32075262 ns, racy<=2500000000 ns
10:49:00.106 [main] DEBUG org.eclipse.jgit.internal.storage.file.FileSnapshot - file=/home/toto/.config/jgit/config, isRacyClean=false, read=2024-02-09 10:48:58.959926568, lastModified=2024-02-08 23:36:20.464134450, delta=40358495792118 ns, racy<=2500000000 ns
10:49:00.106 [main] DEBUG org.eclipse.jgit.internal.storage.file.FileSnapshot - file=/home/toto/.config/jgit/config, is unmodified
10:49:00.106 [main] DEBUG org.eclipse.jgit.internal.storage.file.FileSnapshot - file=/etc/gitconfig, isRacyClean=false, read=2024-02-09 10:48:58.971926671, lastModified=1970-01-01 01:00:00.000000000, delta=1707472138971926671 ns, racy<=2500000000 ns
10:49:00.106 [main] DEBUG org.eclipse.jgit.internal.storage.file.FileSnapshot - file=/etc/gitconfig, is unmodified
10:49:00.106 [main] DEBUG org.eclipse.jgit.internal.storage.file.FileSnapshot - file=/home/toto/.gitconfig, isRacyClean=false, read=2024-02-09 10:48:58.972508608, lastModified=2024-01-22 19:04:00.457118245, delta=1525498515390363 ns, racy<=2500000000 ns
10:49:00.106 [main] DEBUG org.eclipse.jgit.internal.storage.file.FileSnapshot - file=/home/toto/.gitconfig, is unmodified
10:49:00.106 [main] DEBUG org.eclipse.jgit.internal.storage.file.FileSnapshot - file=/tmp/junit12619742866840035292/.git/config.lock, isRacyClean=true, read=2024-02-09 10:49:00.106275794, lastModified=2024-02-09 10:49:00.074200532, delta=32075262 ns, racy<=2500000000 ns
10:49:00.106 [main] DEBUG org.eclipse.jgit.internal.storage.file.FileSnapshot - file=/tmp/junit12619742866840035292/.git/config.lock, is racily clean
10:49:00.106 [main] DEBUG org.eclipse.jgit.internal.storage.file.FileSnapshot - file=/tmp/junit12619742866840035292/.git/config, create new FileSnapshot: lastRead=2024-02-09 10:49:00.106396033, lastModified=2024-02-09 10:49:00.074200532, size=252, fileKey=(dev=10302,ino=13238467)
10:49:00.106 [main] DEBUG org.eclipse.jgit.internal.storage.file.FileSnapshot - file=/tmp/junit12619742866840035292/.git/config.lock, isRacyClean=true, read=2024-02-09 10:49:00.106396033, lastModified=2024-02-09 10:49:00.074200532, delta=32195501 ns, racy<=2500000000 ns
10:49:00.106 [main] DEBUG org.eclipse.jgit.internal.storage.file.FileSnapshot - file=/home/toto/.config/jgit/config, isRacyClean=false, read=2024-02-09 10:48:58.959926568, lastModified=2024-02-08 23:36:20.464134450, delta=40358495792118 ns, racy<=2500000000 ns
10:49:00.106 [main] DEBUG org.eclipse.jgit.internal.storage.file.FileSnapshot - file=/home/toto/.config/jgit/config, is unmodified
10:49:00.106 [main] DEBUG org.eclipse.jgit.internal.storage.file.FileSnapshot - file=/etc/gitconfig, isRacyClean=false, read=2024-02-09 10:48:58.971926671, lastModified=1970-01-01 01:00:00.000000000, delta=1707472138971926671 ns, racy<=2500000000 ns
10:49:00.106 [main] DEBUG org.eclipse.jgit.internal.storage.file.FileSnapshot - file=/etc/gitconfig, is unmodified
10:49:00.106 [main] DEBUG org.eclipse.jgit.internal.storage.file.FileSnapshot - file=/home/toto/.gitconfig, isRacyClean=false, read=2024-02-09 10:48:58.972508608, lastModified=2024-01-22 19:04:00.457118245, delta=1525498515390363 ns, racy<=2500000000 ns
10:49:00.106 [main] DEBUG org.eclipse.jgit.internal.storage.file.FileSnapshot - file=/home/toto/.gitconfig, is unmodified
10:49:00.106 [main] DEBUG org.eclipse.jgit.internal.storage.file.FileSnapshot - file=/tmp/junit12619742866840035292/.git/config.lock, isRacyClean=true, read=2024-02-09 10:49:00.106396033, lastModified=2024-02-09 10:49:00.074200532, delta=32195501 ns, racy<=2500000000 ns
10:49:00.106 [main] DEBUG org.eclipse.jgit.internal.storage.file.FileSnapshot - file=/tmp/junit12619742866840035292/.git/config.lock, is racily clean
10:49:00.106 [main] DEBUG org.eclipse.jgit.internal.storage.file.FileSnapshot - file=/tmp/junit12619742866840035292/.git/config, create new FileSnapshot: lastRead=2024-02-09 10:49:00.106509706, lastModified=2024-02-09 10:49:00.074200532, size=252, fileKey=(dev=10302,ino=13238467)
10:49:00.106 [main] DEBUG org.eclipse.jgit.internal.storage.file.FileSnapshot - file=/tmp/junit12619742866840035292/.git/config.lock, isRacyClean=true, read=2024-02-09 10:49:00.106509706, lastModified=2024-02-09 10:49:00.074200532, delta=32309174 ns, racy<=2500000000 ns
10:49:00.106 [main] DEBUG org.eclipse.jgit.internal.storage.file.FileSnapshot - file=/tmp/junit12619742866840035292/.git/HEAD.lock, create new FileSnapshot: lastRead=2024-02-09 10:49:00.106557566, lastModified=2024-02-09 10:49:00.102200498, size=41, fileKey=(dev=10302,ino=13238485)
10:49:00.110 [main] DEBUG org.eclipse.jgit.internal.storage.file.FileSnapshot - file=/tmp/junit12619742866840035292/.git/config, create new FileSnapshot: lastRead=2024-02-09 10:49:00.110295269, lastModified=2024-02-09 10:49:00.074200532, size=252, fileKey=(dev=10302,ino=13238467)
10:49:00.110 [main] DEBUG org.eclipse.jgit.internal.storage.file.FileSnapshot - file=/home/toto/.config/jgit/config, isRacyClean=false, read=2024-02-09 10:48:58.959926568, lastModified=2024-02-08 23:36:20.464134450, delta=40358495792118 ns, racy<=2500000000 ns
10:49:00.110 [main] DEBUG org.eclipse.jgit.internal.storage.file.FileSnapshot - file=/home/toto/.config/jgit/config, is unmodified
10:49:00.110 [main] DEBUG org.eclipse.jgit.internal.storage.file.FileSnapshot - file=/etc/gitconfig, isRacyClean=false, read=2024-02-09 10:48:58.971926671, lastModified=1970-01-01 01:00:00.000000000, delta=1707472138971926671 ns, racy<=2500000000 ns
10:49:00.110 [main] DEBUG org.eclipse.jgit.internal.storage.file.FileSnapshot - file=/etc/gitconfig, is unmodified
10:49:00.110 [main] DEBUG org.eclipse.jgit.internal.storage.file.FileSnapshot - file=/home/toto/.gitconfig, isRacyClean=false, read=2024-02-09 10:48:58.972508608, lastModified=2024-01-22 19:04:00.457118245, delta=1525498515390363 ns, racy<=2500000000 ns
10:49:00.110 [main] DEBUG org.eclipse.jgit.internal.storage.file.FileSnapshot - file=/home/toto/.gitconfig, is unmodified
10:49:00.110 [main] DEBUG org.eclipse.jgit.internal.storage.file.FileSnapshot - file=/tmp/junit12619742866840035292/.git/config, create new FileSnapshot: lastRead=2024-02-09 10:49:00.110707671, lastModified=2024-02-09 10:49:00.074200532, size=252, fileKey=(dev=10302,ino=13238467)
10:49:00.110 [main] DEBUG org.eclipse.jgit.internal.storage.file.FileSnapshot - file=/home/toto/.config/jgit/config, isRacyClean=false, read=2024-02-09 10:48:58.959926568, lastModified=2024-02-08 23:36:20.464134450, delta=40358495792118 ns, racy<=2500000000 ns
10:49:00.110 [main] DEBUG org.eclipse.jgit.internal.storage.file.FileSnapshot - file=/home/toto/.config/jgit/config, is unmodified
10:49:00.110 [main] DEBUG org.eclipse.jgit.internal.storage.file.FileSnapshot - file=/etc/gitconfig, isRacyClean=false, read=2024-02-09 10:48:58.971926671, lastModified=1970-01-01 01:00:00.000000000, delta=1707472138971926671 ns, racy<=2500000000 ns
10:49:00.110 [main] DEBUG org.eclipse.jgit.internal.storage.file.FileSnapshot - file=/etc/gitconfig, is unmodified
10:49:00.110 [main] DEBUG org.eclipse.jgit.internal.storage.file.FileSnapshot - file=/home/toto/.gitconfig, isRacyClean=false, read=2024-02-09 10:48:58.972508608, lastModified=2024-01-22 19:04:00.457118245, delta=1525498515390363 ns, racy<=2500000000 ns
10:49:00.110 [main] DEBUG org.eclipse.jgit.internal.storage.file.FileSnapshot - file=/home/toto/.gitconfig, is unmodified
10:49:00.110 [main] DEBUG org.eclipse.jgit.internal.storage.file.FileSnapshot - file=/tmp/junit12619742866840035292/.git/config, isRacyClean=true, read=2024-02-09 10:49:00.110707671, lastModified=2024-02-09 10:49:00.074200532, delta=36507139 ns, racy<=2500000000 ns
10:49:00.110 [main] DEBUG org.eclipse.jgit.internal.storage.file.FileSnapshot - file=/tmp/junit12619742866840035292/.git/config, is racily clean
10:49:00.110 [main] DEBUG org.eclipse.jgit.internal.storage.file.FileSnapshot - file=/tmp/junit12619742866840035292/.git/config, create new FileSnapshot: lastRead=2024-02-09 10:49:00.110948193, lastModified=2024-02-09 10:49:00.074200532, size=252, fileKey=(dev=10302,ino=13238467)
10:49:00.110 [main] DEBUG org.eclipse.jgit.internal.storage.file.FileSnapshot - file=/tmp/junit12619742866840035292/.git/config, isRacyClean=true, read=2024-02-09 10:49:00.110948193, lastModified=2024-02-09 10:49:00.074200532, delta=36747661 ns, racy<=2500000000 ns
10:49:00.111 [main] DEBUG org.eclipse.jgit.internal.storage.file.FileSnapshot - file=/tmp/junit12619742866840035292/.git/index, create new FileSnapshot: lastRead=2024-02-09 10:49:00.111063760, lastModified=2024-02-09 10:49:00.102200498, size=256, fileKey=(dev=10302,ino=13238491)
10:49:00.111 [main] DEBUG org.eclipse.jgit.internal.storage.file.FileSnapshot - file=/home/toto/.config/jgit/config, isRacyClean=false, read=2024-02-09 10:48:58.959926568, lastModified=2024-02-08 23:36:20.464134450, delta=40358495792118 ns, racy<=2500000000 ns
10:49:00.111 [main] DEBUG org.eclipse.jgit.internal.storage.file.FileSnapshot - file=/home/toto/.config/jgit/config, is unmodified
10:49:00.111 [main] DEBUG org.eclipse.jgit.internal.storage.file.FileSnapshot - file=/etc/gitconfig, isRacyClean=false, read=2024-02-09 10:48:58.971926671, lastModified=1970-01-01 01:00:00.000000000, delta=1707472138971926671 ns, racy<=2500000000 ns
10:49:00.111 [main] DEBUG org.eclipse.jgit.internal.storage.file.FileSnapshot - file=/etc/gitconfig, is unmodified
10:49:00.111 [main] DEBUG org.eclipse.jgit.internal.storage.file.FileSnapshot - file=/home/toto/.gitconfig, isRacyClean=false, read=2024-02-09 10:48:58.972508608, lastModified=2024-01-22 19:04:00.457118245, delta=1525498515390363 ns, racy<=2500000000 ns
10:49:00.111 [main] DEBUG org.eclipse.jgit.internal.storage.file.FileSnapshot - file=/home/toto/.gitconfig, is unmodified
10:49:00.111 [main] DEBUG org.eclipse.jgit.internal.storage.file.FileSnapshot - file=/tmp/junit12619742866840035292/.git/config, isRacyClean=true, read=2024-02-09 10:49:00.110948193, lastModified=2024-02-09 10:49:00.074200532, delta=36747661 ns, racy<=2500000000 ns
10:49:00.111 [main] DEBUG org.eclipse.jgit.internal.storage.file.FileSnapshot - file=/tmp/junit12619742866840035292/.git/config, is racily clean
10:49:00.111 [main] DEBUG org.eclipse.jgit.internal.storage.file.FileSnapshot - file=/tmp/junit12619742866840035292/.git/config, create new FileSnapshot: lastRead=2024-02-09 10:49:00.111289546, lastModified=2024-02-09 10:49:00.074200532, size=252, fileKey=(dev=10302,ino=13238467)
10:49:00.111 [main] DEBUG org.eclipse.jgit.internal.storage.file.FileSnapshot - file=/tmp/junit12619742866840035292/.git/config, isRacyClean=true, read=2024-02-09 10:49:00.111289546, lastModified=2024-02-09 10:49:00.074200532, delta=37089014 ns, racy<=2500000000 ns
10:49:00.111 [main] DEBUG org.eclipse.jgit.internal.storage.file.FileSnapshot - file=/tmp/junit12619742866840035292/.git/packed-refs, create new FileSnapshot: lastRead=2024-02-09 10:49:00.111369189, lastModified=2024-02-09 10:49:00.050200560, size=388, fileKey=(dev=10302,ino=13238472)
10:49:00.111 [main] DEBUG org.eclipse.jgit.internal.storage.file.FileSnapshot - file=null, size changed from -1 to 4096 bytes
10:49:00.111 [main] DEBUG org.eclipse.jgit.internal.storage.file.FileSnapshot - file=/tmp/junit12619742866840035292/.git/objects/pack, create new FileSnapshot: lastRead=2024-02-09 10:49:00.111850918, lastModified=2024-02-09 10:49:00.062200545, size=4096, fileKey=(dev=10302,ino=13238464)
10:49:00.112 [main] DEBUG org.eclipse.jgit.internal.storage.file.FileSnapshot - file=/tmp/junit12619742866840035292/.git/objects/pack/pack-8c0db8f586a96a643a9a459a399b4c926b484f73.pack, create new FileSnapshot: lastRead=2024-02-09 10:49:00.112062025, lastModified=2024-02-09 10:49:00.022200592, size=91850, fileKey=(dev=10302,ino=13238468)
10:49:00.112 [main] DEBUG org.eclipse.jgit.internal.storage.file.Pack - Opening pack index /tmp/junit12619742866840035292/.git/objects/pack/pack-8c0db8f586a96a643a9a459a399b4c926b484f73.idx, size 0.008 MB took 0 ms

]]></system-out>
  </testcase>
  <testcase name="trueTest" classname="MavenTest" time="0.001"/>
  <testcase name="testProcessRequestData" classname="MavenTest" time="0.567"/>
</testsuite>